nohup: ignoring input
2025-02-23 20:14:29: got the info dicts: there are 36687 groupings

2025-02-23 20:14:29: number of groupings with atleast 50 episodes [in the first 95658 episodes]: 105

these groupings have chosen_id-->num_episodes as

 {(1297764552, 'bottle'): 53, (2515873443, 'cloth'): 50, (5235850418, 'drawer'): 612, (5879622450, 'block'): 108, (1431810548, 'lid'): 51, (3485794757, 'marker'): 97, (8756300955, 'block'): 117, (1180576306, 'cloth'): 60, (9154343709, 'drawer'): 96, (6498288010, 'bottle'): 138, (8911427557, 'bottle'): 50, (1058976383, 'drawer'): 148, (4045730075, 'lid'): 61, (1712293193, 'marker'): 163, (65137982, 'block'): 100, (4329524892, 'cup'): 166, (484659531, 'marker'): 96, (-1, 'marker'): 1032, (6078642573, 'marker'): 54, (452818143, 'lid'): 221, (1461982682, 'cloth'): 76, (5235850418, 'block'): 97, (7495112204, 'marker'): 102, (666854965, 'marker'): 68, (395700094, 'block'): 72, (3827924651, 'lid'): 67, (6612454114, 'block'): 65, (2782099537, 'marker'): 75, (8376714657, 'marker'): 464, (3452853472, 'drawer'): 91, (9306310171, 'marker'): 97, (3816161570, 'drawer'): 78, (5511329841, 'marker'): 59, (3951366978, 'cup'): 112, (1959308322, 'marker'): 65, (3163748394, 'cup'): 127, (7644292911, 'marker'): 50, (1775582436, 'marker'): 98, (4706041793, 'cloth'): 142, (2370783071, 'block'): 50, (9551783935, 'drawer'): 65, (2782099537, 'cup'): 153, (7489911085, 'cloth'): 179, (5576515039, 'marker'): 50, (4465064685, 'marker'): 198, (9186164821, 'bottle'): 57, (5207831207, 'cup'): 139, (3774560981, 'cloth'): 99, (4823049285, 'bottle'): 234, (9130122211, 'marker'): 159, (6313680013, 'cup'): 50, (9088223759, 'bottle'): 99, (8098563998, 'lid'): 73, (9505766118, 'drawer'): 108, (441689524, 'mug'): 77, (8150285641, 'marker'): 63, (8456936732, 'bottle'): 54, (446878712, 'marker'): 83, (6093644330, 'cloth'): 52, (4345518188, 'lid'): 89, (5024387521, 'marker'): 60, (6498288010, 'lid'): 96, (4823049285, 'block'): 174, (6667529842, 'lid'): 90, (5507987860, 'marker'): 100, (8898968162, 'block'): 58, (-1, 'mug'): 228, (9965421062, 'bottle'): 63, (6357288647, 'lid'): 71, (5701580274, 'marker'): 67, (1469427884, 'marker'): 63, (9933578360, 'drawer'): 53, (1498834123, 'cup'): 77, (440287856, 'drawer'): 75, (376702246, 'cup'): 53, (9883209091, 'mug'): 201, (9934859632, 'marker'): 62, (4312815282, 'marker'): 66, (-1, 'cup'): 113, (8922050678, 'lid'): 64, (2883696971, 'cup'): 69, (9209350647, 'drawer'): 76, (6655265581, 'cup'): 51, (4345518188, 'cloth'): 91, (4545879864, 'marker'): 51, (818725642, 'block'): 63, (3854327802, 'bottle'): 97, (3951366978, 'lid'): 72, (5059283044, 'drawer'): 113, (4846810092, 'cloth'): 93, (8690198922, 'marker'): 65, (1477699675, 'marker'): 89, (4400212150, 'marker'): 52, (1526685371, 'marker'): 62, (6074146895, 'lid'): 59, (8911427557, 'cup'): 112, (8702636502, 'lid'): 90, (8172596608, 'cup'): 51, (1575177183, 'marker'): 59, (5414640868, 'lid'): 56, (1477699675, 'mug'): 57, (9228483020, 'marker'): 80, (2927338332, 'cloth'): 51, (52817038, 'block'): 54, (8815207926, 'block'): 54}
Some kwargs in processor config are unused and will not have any effect: scale, time_horizon, vocab_size, action_dim, min_token. 
Some kwargs in processor config are unused and will not have any effect: scale, time_horizon, vocab_size, action_dim, min_token. 
2025-02-23 20:15:02: [embed_episodes] embedded episode 45057 with 200 steps [episode count 0/53]
2025-02-23 20:15:15: [embed_episodes] embedded episode 82562 with 204 steps [episode count 1/53]
2025-02-23 20:15:29: [embed_episodes] embedded episode 3 with 239 steps [episode count 2/53]
2025-02-23 20:15:41: [embed_episodes] embedded episode 2187 with 146 steps [episode count 3/53]
2025-02-23 20:15:55: [embed_episodes] embedded episode 85134 with 250 steps [episode count 4/53]
2025-02-23 20:16:07: [embed_episodes] embedded episode 79763 with 161 steps [episode count 5/53]
2025-02-23 20:16:22: [embed_episodes] embedded episode 40212 with 323 steps [episode count 6/53]
2025-02-23 20:16:35: [embed_episodes] embedded episode 95382 with 225 steps [episode count 7/53]
2025-02-23 20:16:51: [embed_episodes] embedded episode 10007 with 380 steps [episode count 8/53]
2025-02-23 20:17:04: [embed_episodes] embedded episode 40858 with 241 steps [episode count 9/53]
2025-02-23 20:17:17: [embed_episodes] embedded episode 81306 with 207 steps [episode count 10/53]
2025-02-23 20:17:30: [embed_episodes] embedded episode 7580 with 192 steps [episode count 11/53]
2025-02-23 20:17:42: [embed_episodes] embedded episode 75933 with 182 steps [episode count 12/53]
2025-02-23 20:17:54: [embed_episodes] embedded episode 67616 with 197 steps [episode count 13/53]
2025-02-23 20:18:10: [embed_episodes] embedded episode 39586 with 296 steps [episode count 14/53]
2025-02-23 20:18:23: [embed_episodes] embedded episode 83234 with 188 steps [episode count 15/53]
2025-02-23 20:18:37: [embed_episodes] embedded episode 23462 with 267 steps [episode count 16/53]
2025-02-23 20:18:51: [embed_episodes] embedded episode 90923 with 265 steps [episode count 17/53]
2025-02-23 20:19:04: [embed_episodes] embedded episode 28973 with 181 steps [episode count 18/53]
2025-02-23 20:19:17: [embed_episodes] embedded episode 32941 with 263 steps [episode count 19/53]
2025-02-23 20:19:27: [embed_episodes] embedded episode 2735 with 197 steps [episode count 20/53]
2025-02-23 20:19:41: [embed_episodes] embedded episode 42801 with 286 steps [episode count 21/53]
2025-02-23 20:19:53: [embed_episodes] embedded episode 92850 with 187 steps [episode count 22/53]
2025-02-23 20:20:19: [embed_episodes] embedded episode 89781 with 444 steps [episode count 23/53]
2025-02-23 20:20:32: [embed_episodes] embedded episode 23736 with 214 steps [episode count 24/53]
2025-02-23 20:20:50: [embed_episodes] embedded episode 57273 with 355 steps [episode count 25/53]
2025-02-23 20:21:03: [embed_episodes] embedded episode 61112 with 224 steps [episode count 26/53]
2025-02-23 20:21:17: [embed_episodes] embedded episode 93630 with 293 steps [episode count 27/53]
2025-02-23 20:21:30: [embed_episodes] embedded episode 60231 with 170 steps [episode count 28/53]
2025-02-23 20:21:45: [embed_episodes] embedded episode 95432 with 315 steps [episode count 29/53]
2025-02-23 20:22:00: [embed_episodes] embedded episode 74313 with 284 steps [episode count 30/53]
2025-02-23 20:22:10: [embed_episodes] embedded episode 2252 with 225 steps [episode count 31/53]
2025-02-23 20:22:20: [embed_episodes] embedded episode 49740 with 188 steps [episode count 32/53]
2025-02-23 20:22:34: [embed_episodes] embedded episode 65230 with 290 steps [episode count 33/53]
2025-02-23 20:22:46: [embed_episodes] embedded episode 65615 with 189 steps [episode count 34/53]
2025-02-23 20:22:59: [embed_episodes] embedded episode 47440 with 180 steps [episode count 35/53]
2025-02-23 20:23:12: [embed_episodes] embedded episode 15825 with 191 steps [episode count 36/53]
2025-02-23 20:23:25: [embed_episodes] embedded episode 13266 with 195 steps [episode count 37/53]
2025-02-23 20:23:39: [embed_episodes] embedded episode 95065 with 215 steps [episode count 38/53]
2025-02-23 20:23:51: [embed_episodes] embedded episode 39387 with 169 steps [episode count 39/53]
2025-02-23 20:24:05: [embed_episodes] embedded episode 15995 with 220 steps [episode count 40/53]
2025-02-23 20:24:19: [embed_episodes] embedded episode 35805 with 206 steps [episode count 41/53]
2025-02-23 20:24:34: [embed_episodes] embedded episode 75996 with 310 steps [episode count 42/53]
2025-02-23 20:24:47: [embed_episodes] embedded episode 58209 with 150 steps [episode count 43/53]
2025-02-23 20:25:00: [embed_episodes] embedded episode 51813 with 210 steps [episode count 44/53]
2025-02-23 20:25:14: [embed_episodes] embedded episode 3814 with 256 steps [episode count 45/53]
2025-02-23 20:25:27: [embed_episodes] embedded episode 84457 with 212 steps [episode count 46/53]
2025-02-23 20:25:40: [embed_episodes] embedded episode 83693 with 183 steps [episode count 47/53]
2025-02-23 20:25:54: [embed_episodes] embedded episode 23024 with 234 steps [episode count 48/53]
2025-02-23 20:26:07: [embed_episodes] embedded episode 9590 with 158 steps [episode count 49/53]
2025-02-23 20:26:23: [embed_episodes] embedded episode 35451 with 361 steps [episode count 50/53]
2025-02-23 20:26:39: [embed_episodes] embedded episode 77692 with 358 steps [episode count 51/53]
2025-02-23 20:26:53: [embed_episodes] embedded episode 58365 with 193 steps [episode count 52/53]
2025-02-23 20:26:53: [embed_episodes] finished embedding all episodes for (1297764552, 'bottle') [chosen_id count 0/105]
2025-02-23 20:27:08: [embed_episodes] embedded episode 64773 with 313 steps [episode count 0/50]
2025-02-23 20:27:25: [embed_episodes] embedded episode 59783 with 375 steps [episode count 1/50]
2025-02-23 20:27:41: [embed_episodes] embedded episode 62856 with 363 steps [episode count 2/50]
2025-02-23 20:28:05: [embed_episodes] embedded episode 69384 with 482 steps [episode count 3/50]
2025-02-23 20:28:22: [embed_episodes] embedded episode 90889 with 388 steps [episode count 4/50]
2025-02-23 20:28:44: [embed_episodes] embedded episode 93066 with 458 steps [episode count 5/50]
2025-02-23 20:29:07: [embed_episodes] embedded episode 13 with 429 steps [episode count 6/50]
2025-02-23 20:29:30: [embed_episodes] embedded episode 21525 with 496 steps [episode count 7/50]
2025-02-23 20:29:53: [embed_episodes] embedded episode 62747 with 449 steps [episode count 8/50]
2025-02-23 20:30:11: [embed_episodes] embedded episode 11933 with 348 steps [episode count 9/50]
2025-02-23 20:30:26: [embed_episodes] embedded episode 17054 with 328 steps [episode count 10/50]
2025-02-23 20:30:41: [embed_episodes] embedded episode 57373 with 304 steps [episode count 11/50]
2025-02-23 20:30:57: [embed_episodes] embedded episode 7712 with 354 steps [episode count 12/50]
2025-02-23 20:31:08: [embed_episodes] embedded episode 33315 with 267 steps [episode count 13/50]
2025-02-23 20:31:21: [embed_episodes] embedded episode 44963 with 375 steps [episode count 14/50]
2025-02-23 20:31:32: [embed_episodes] embedded episode 18213 with 293 steps [episode count 15/50]
2025-02-23 20:31:58: [embed_episodes] embedded episode 18469 with 619 steps [episode count 16/50]
2025-02-23 20:32:15: [embed_episodes] embedded episode 34343 with 344 steps [episode count 17/50]
2025-02-23 20:32:39: [embed_episodes] embedded episode 49832 with 491 steps [episode count 18/50]
2025-02-23 20:33:04: [embed_episodes] embedded episode 40490 with 532 steps [episode count 19/50]
2025-02-23 20:33:17: [embed_episodes] embedded episode 63799 with 363 steps [episode count 20/50]
2025-02-23 20:33:34: [embed_episodes] embedded episode 60349 with 392 steps [episode count 21/50]
2025-02-23 20:33:50: [embed_episodes] embedded episode 1345 with 341 steps [episode count 22/50]
2025-02-23 20:34:04: [embed_episodes] embedded episode 16454 with 264 steps [episode count 23/50]
2025-02-23 20:34:20: [embed_episodes] embedded episode 4679 with 306 steps [episode count 24/50]
2025-02-23 20:34:32: [embed_episodes] embedded episode 42953 with 344 steps [episode count 25/50]
2025-02-23 20:34:48: [embed_episodes] embedded episode 46414 with 320 steps [episode count 26/50]
2025-02-23 20:35:11: [embed_episodes] embedded episode 40143 with 437 steps [episode count 27/50]
2025-02-23 20:35:25: [embed_episodes] embedded episode 19922 with 272 steps [episode count 28/50]
2025-02-23 20:35:49: [embed_episodes] embedded episode 65273 with 455 steps [episode count 29/50]
2025-02-23 20:36:05: [embed_episodes] embedded episode 92118 with 359 steps [episode count 30/50]
2025-02-23 20:36:28: [embed_episodes] embedded episode 71127 with 450 steps [episode count 31/50]
2025-02-23 20:36:44: [embed_episodes] embedded episode 59227 with 336 steps [episode count 32/50]
2025-02-23 20:37:07: [embed_episodes] embedded episode 32092 with 430 steps [episode count 33/50]
