nohup: ignoring input
2025-02-25 15:32:57: got the info dicts: there are 36687 groupings

2025-02-25 15:32:57: number of groupings with atleast 50 episodes [in the first 95658 episodes]: 105

these groupings have chosen_id-->num_episodes as

 {(1297764552, 'bottle'): 53, (2515873443, 'cloth'): 50, (5235850418, 'drawer'): 612, (5879622450, 'block'): 108, (1431810548, 'lid'): 51, (3485794757, 'marker'): 97, (8756300955, 'block'): 117, (1180576306, 'cloth'): 60, (9154343709, 'drawer'): 96, (6498288010, 'bottle'): 138, (8911427557, 'bottle'): 50, (1058976383, 'drawer'): 148, (4045730075, 'lid'): 61, (1712293193, 'marker'): 163, (65137982, 'block'): 100, (4329524892, 'cup'): 166, (484659531, 'marker'): 96, (-1, 'marker'): 1032, (6078642573, 'marker'): 54, (452818143, 'lid'): 221, (1461982682, 'cloth'): 76, (5235850418, 'block'): 97, (7495112204, 'marker'): 102, (666854965, 'marker'): 68, (395700094, 'block'): 72, (3827924651, 'lid'): 67, (6612454114, 'block'): 65, (2782099537, 'marker'): 75, (8376714657, 'marker'): 464, (3452853472, 'drawer'): 91, (9306310171, 'marker'): 97, (3816161570, 'drawer'): 78, (5511329841, 'marker'): 59, (3951366978, 'cup'): 112, (1959308322, 'marker'): 65, (3163748394, 'cup'): 127, (7644292911, 'marker'): 50, (1775582436, 'marker'): 98, (4706041793, 'cloth'): 142, (2370783071, 'block'): 50, (9551783935, 'drawer'): 65, (2782099537, 'cup'): 153, (7489911085, 'cloth'): 179, (5576515039, 'marker'): 50, (4465064685, 'marker'): 198, (9186164821, 'bottle'): 57, (5207831207, 'cup'): 139, (3774560981, 'cloth'): 99, (4823049285, 'bottle'): 234, (9130122211, 'marker'): 159, (6313680013, 'cup'): 50, (9088223759, 'bottle'): 99, (8098563998, 'lid'): 73, (9505766118, 'drawer'): 108, (441689524, 'mug'): 77, (8150285641, 'marker'): 63, (8456936732, 'bottle'): 54, (446878712, 'marker'): 83, (6093644330, 'cloth'): 52, (4345518188, 'lid'): 89, (5024387521, 'marker'): 60, (6498288010, 'lid'): 96, (4823049285, 'block'): 174, (6667529842, 'lid'): 90, (5507987860, 'marker'): 100, (8898968162, 'block'): 58, (-1, 'mug'): 228, (9965421062, 'bottle'): 63, (6357288647, 'lid'): 71, (5701580274, 'marker'): 67, (1469427884, 'marker'): 63, (9933578360, 'drawer'): 53, (1498834123, 'cup'): 77, (440287856, 'drawer'): 75, (376702246, 'cup'): 53, (9883209091, 'mug'): 201, (9934859632, 'marker'): 62, (4312815282, 'marker'): 66, (-1, 'cup'): 113, (8922050678, 'lid'): 64, (2883696971, 'cup'): 69, (9209350647, 'drawer'): 76, (6655265581, 'cup'): 51, (4345518188, 'cloth'): 91, (4545879864, 'marker'): 51, (818725642, 'block'): 63, (3854327802, 'bottle'): 97, (3951366978, 'lid'): 72, (5059283044, 'drawer'): 113, (4846810092, 'cloth'): 93, (8690198922, 'marker'): 65, (1477699675, 'marker'): 89, (4400212150, 'marker'): 52, (1526685371, 'marker'): 62, (6074146895, 'lid'): 59, (8911427557, 'cup'): 112, (8702636502, 'lid'): 90, (8172596608, 'cup'): 51, (1575177183, 'marker'): 59, (5414640868, 'lid'): 56, (1477699675, 'mug'): 57, (9228483020, 'marker'): 80, (2927338332, 'cloth'): 51, (52817038, 'block'): 54, (8815207926, 'block'): 54}
Some kwargs in processor config are unused and will not have any effect: min_token, scale, action_dim, time_horizon, vocab_size. 
Some kwargs in processor config are unused and will not have any effect: min_token, scale, action_dim, time_horizon, vocab_size. 
itemp=5
2025-02-25 15:33:45: [embed_episodes] embedded episode 58625 with 253 steps [episode count 0/57]
2025-02-25 15:34:03: [embed_episodes] embedded episode 80770 with 269 steps [episode count 1/57]
2025-02-25 15:34:22: [embed_episodes] embedded episode 80003 with 345 steps [episode count 2/57]
2025-02-25 15:34:38: [embed_episodes] embedded episode 55684 with 243 steps [episode count 3/57]
2025-02-25 15:34:55: [embed_episodes] embedded episode 94340 with 278 steps [episode count 4/57]
2025-02-25 15:35:10: [embed_episodes] embedded episode 66567 with 223 steps [episode count 5/57]
2025-02-25 15:35:27: [embed_episodes] embedded episode 70159 with 241 steps [episode count 6/57]
2025-02-25 15:35:44: [embed_episodes] embedded episode 92304 with 327 steps [episode count 7/57]
2025-02-25 15:36:00: [embed_episodes] embedded episode 39057 with 249 steps [episode count 8/57]
2025-02-25 15:36:39: [embed_episodes] embedded episode 93588 with 610 steps [episode count 9/57]
2025-02-25 15:36:56: [embed_episodes] embedded episode 20249 with 247 steps [episode count 10/57]
2025-02-25 15:37:12: [embed_episodes] embedded episode 37914 with 219 steps [episode count 11/57]
2025-02-25 15:37:29: [embed_episodes] embedded episode 13979 with 259 steps [episode count 12/57]
2025-02-25 15:37:46: [embed_episodes] embedded episode 73625 with 225 steps [episode count 13/57]
2025-02-25 15:38:05: [embed_episodes] embedded episode 24990 with 220 steps [episode count 14/57]
2025-02-25 15:38:35: [embed_episodes] embedded episode 22687 with 237 steps [episode count 15/57]
2025-02-25 15:38:50: [embed_episodes] embedded episode 55967 with 193 steps [episode count 16/57]
2025-02-25 15:39:07: [embed_episodes] embedded episode 74014 with 221 steps [episode count 17/57]
2025-02-25 15:39:23: [embed_episodes] embedded episode 25250 with 246 steps [episode count 18/57]
2025-02-25 15:39:42: [embed_episodes] embedded episode 38564 with 317 steps [episode count 19/57]
2025-02-25 15:40:20: [embed_episodes] embedded episode 52266 with 638 steps [episode count 20/57]
2025-02-25 15:40:33: [embed_episodes] embedded episode 47919 with 218 steps [episode count 21/57]
2025-02-25 15:40:45: [embed_episodes] embedded episode 39344 with 269 steps [episode count 22/57]
2025-02-25 15:40:58: [embed_episodes] embedded episode 94385 with 226 steps [episode count 23/57]
2025-02-25 15:41:17: [embed_episodes] embedded episode 39991 with 248 steps [episode count 24/57]
2025-02-25 15:41:45: [embed_episodes] embedded episode 70967 with 312 steps [episode count 25/57]
2025-02-25 15:42:00: [embed_episodes] embedded episode 78008 with 273 steps [episode count 26/57]
2025-02-25 15:42:14: [embed_episodes] embedded episode 66234 with 244 steps [episode count 27/57]
2025-02-25 15:42:27: [embed_episodes] embedded episode 30145 with 203 steps [episode count 28/57]
2025-02-25 15:42:45: [embed_episodes] embedded episode 3650 with 210 steps [episode count 29/57]
2025-02-25 15:43:06: [embed_episodes] embedded episode 95043 with 300 steps [episode count 30/57]
2025-02-25 15:43:38: [embed_episodes] embedded episode 53829 with 222 steps [episode count 31/57]
2025-02-25 15:43:55: [embed_episodes] embedded episode 68934 with 232 steps [episode count 32/57]
2025-02-25 15:44:12: [embed_episodes] embedded episode 25927 with 245 steps [episode count 33/57]
2025-02-25 15:44:25: [embed_episodes] embedded episode 44363 with 219 steps [episode count 34/57]
2025-02-25 15:44:37: [embed_episodes] embedded episode 30671 with 225 steps [episode count 35/57]
2025-02-25 15:44:51: [embed_episodes] embedded episode 57680 with 273 steps [episode count 36/57]
2025-02-25 15:45:52: [embed_episodes] embedded episode 62801 with 307 steps [episode count 37/57]
2025-02-25 15:46:14: [embed_episodes] embedded episode 22994 with 213 steps [episode count 38/57]
2025-02-25 15:47:11: [embed_episodes] embedded episode 34643 with 302 steps [episode count 39/57]
2025-02-25 15:47:49: [embed_episodes] embedded episode 82132 with 328 steps [episode count 40/57]
2025-02-25 15:48:05: [embed_episodes] embedded episode 71381 with 239 steps [episode count 41/57]
2025-02-25 15:48:20: [embed_episodes] embedded episode 66391 with 187 steps [episode count 42/57]
2025-02-25 15:48:33: [embed_episodes] embedded episode 15448 with 259 steps [episode count 43/57]
2025-02-25 15:48:47: [embed_episodes] embedded episode 4185 with 241 steps [episode count 44/57]
2025-02-25 15:49:03: [embed_episodes] embedded episode 78949 with 230 steps [episode count 45/57]
2025-02-25 15:49:17: [embed_episodes] embedded episode 23271 with 169 steps [episode count 46/57]
2025-02-25 15:49:33: [embed_episodes] embedded episode 34919 with 202 steps [episode count 47/57]
2025-02-25 15:51:29: [embed_episodes] embedded episode 36967 with 277 steps [episode count 48/57]
2025-02-25 15:51:45: [embed_episodes] embedded episode 72167 with 214 steps [episode count 49/57]
2025-02-25 15:51:57: [embed_episodes] embedded episode 13036 with 273 steps [episode count 50/57]
2025-02-25 15:52:14: [embed_episodes] embedded episode 20466 with 295 steps [episode count 51/57]
2025-02-25 15:52:41: [embed_episodes] embedded episode 62965 with 287 steps [episode count 52/57]
2025-02-25 15:53:19: [embed_episodes] embedded episode 41718 with 204 steps [episode count 53/57]
2025-02-25 15:55:51: [embed_episodes] embedded episode 41975 with 262 steps [episode count 54/57]
2025-02-25 15:56:04: [embed_episodes] embedded episode 19451 with 241 steps [episode count 55/57]
2025-02-25 15:57:03: [embed_episodes] embedded episode 7678 with 259 steps [episode count 56/57]
2025-02-25 15:57:03: [embed_episodes] finished embedding all episodes for (1477699675, 'mug') [chosen_id count 0/105]
2025-02-25 15:57:26: [embed_episodes] embedded episode 79875 with 206 steps [episode count 0/80]
2025-02-25 15:57:40: [embed_episodes] embedded episode 75784 with 152 steps [episode count 1/80]
2025-02-25 15:57:54: [embed_episodes] embedded episode 9744 with 175 steps [episode count 2/80]
2025-02-25 15:59:48: [embed_episodes] embedded episode 59923 with 170 steps [episode count 3/80]
2025-02-25 16:00:15: [embed_episodes] embedded episode 80915 with 243 steps [episode count 4/80]
2025-02-25 16:00:29: [embed_episodes] embedded episode 11808 with 181 steps [episode count 5/80]
2025-02-25 16:00:44: [embed_episodes] embedded episode 25648 with 194 steps [episode count 6/80]
2025-02-25 16:00:56: [embed_episodes] embedded episode 24118 with 181 steps [episode count 7/80]
2025-02-25 16:01:29: [embed_episodes] embedded episode 80967 with 176 steps [episode count 8/80]
2025-02-25 16:03:23: [embed_episodes] embedded episode 63560 with 201 steps [episode count 9/80]
2025-02-25 16:07:27: [embed_episodes] embedded episode 82507 with 371 steps [episode count 10/80]
2025-02-25 16:10:52: [embed_episodes] embedded episode 7254 with 231 steps [episode count 11/80]
2025-02-25 16:11:07: [embed_episodes] embedded episode 52824 with 173 steps [episode count 12/80]
2025-02-25 16:12:45: [embed_episodes] embedded episode 49246 with 207 steps [episode count 13/80]
2025-02-25 16:12:58: [embed_episodes] embedded episode 27743 with 134 steps [episode count 14/80]
2025-02-25 16:15:49: [embed_episodes] embedded episode 65131 with 240 steps [episode count 15/80]
2025-02-25 16:16:05: [embed_episodes] embedded episode 35948 with 205 steps [episode count 16/80]
2025-02-25 16:18:48: [embed_episodes] embedded episode 30835 with 174 steps [episode count 17/80]
2025-02-25 16:24:58: [embed_episodes] embedded episode 43123 with 169 steps [episode count 18/80]
2025-02-25 16:30:19: [embed_episodes] embedded episode 68234 with 231 steps [episode count 19/80]
2025-02-25 16:37:11: [embed_episodes] embedded episode 75414 with 173 steps [episode count 20/80]
2025-02-25 16:45:44: [embed_episodes] embedded episode 62103 with 140 steps [episode count 21/80]
2025-02-25 16:50:19: [embed_episodes] embedded episode 40091 with 241 steps [episode count 22/80]
2025-02-25 16:50:33: [embed_episodes] embedded episode 50844 with 167 steps [episode count 23/80]
2025-02-25 16:58:11: [embed_episodes] embedded episode 21663 with 244 steps [episode count 24/80]
2025-02-25 16:58:42: [embed_episodes] embedded episode 8360 with 233 steps [episode count 25/80]
2025-02-25 17:00:53: [embed_episodes] embedded episode 13994 with 189 steps [episode count 26/80]
2025-02-25 17:04:37: [embed_episodes] embedded episode 65198 with 151 steps [episode count 27/80]
2025-02-25 17:06:47: [embed_episodes] embedded episode 70832 with 197 steps [episode count 28/80]
2025-02-25 17:10:54: [embed_episodes] embedded episode 72368 with 426 steps [episode count 29/80]
2025-02-25 17:11:06: [embed_episodes] embedded episode 76471 with 166 steps [episode count 30/80]
2025-02-25 17:11:14: [embed_episodes] embedded episode 71360 with 166 steps [episode count 31/80]
2025-02-25 17:13:59: [embed_episodes] embedded episode 42689 with 194 steps [episode count 32/80]
2025-02-25 17:14:11: [embed_episodes] embedded episode 32454 with 135 steps [episode count 33/80]
2025-02-25 17:15:06: [embed_episodes] embedded episode 41676 with 151 steps [episode count 34/80]
2025-02-25 17:21:04: [embed_episodes] embedded episode 39118 with 195 steps [episode count 35/80]
2025-02-25 17:24:20: [embed_episodes] embedded episode 3796 with 182 steps [episode count 36/80]
2025-02-25 17:30:18: [embed_episodes] embedded episode 16091 with 148 steps [episode count 37/80]
2025-02-25 17:32:33: [embed_episodes] embedded episode 19165 with 157 steps [episode count 38/80]
2025-02-25 17:32:59: [embed_episodes] embedded episode 90340 with 137 steps [episode count 39/80]
2025-02-25 17:33:11: [embed_episodes] embedded episode 57577 with 206 steps [episode count 40/80]
2025-02-25 17:33:22: [embed_episodes] embedded episode 38122 with 166 steps [episode count 41/80]
2025-02-25 17:33:36: [embed_episodes] embedded episode 79090 with 130 steps [episode count 42/80]
2025-02-25 17:51:32: [embed_episodes] embedded episode 68851 with 551 steps [episode count 43/80]
2025-02-25 17:51:56: [embed_episodes] embedded episode 13558 with 143 steps [episode count 44/80]
2025-02-25 17:52:12: [embed_episodes] embedded episode 74487 with 200 steps [episode count 45/80]
2025-02-25 17:53:01: [embed_episodes] embedded episode 62727 with 146 steps [episode count 46/80]
2025-02-25 18:00:40: [embed_episodes] embedded episode 70427 with 244 steps [episode count 47/80]
2025-02-25 18:00:50: [embed_episodes] embedded episode 93486 with 143 steps [episode count 48/80]
2025-02-25 18:01:12: [embed_episodes] embedded episode 20791 with 224 steps [episode count 49/80]
2025-02-25 18:02:39: [embed_episodes] embedded episode 52535 with 202 steps [episode count 50/80]
2025-02-25 18:03:34: [embed_episodes] embedded episode 59196 with 254 steps [episode count 51/80]
2025-02-25 18:05:13: [embed_episodes] embedded episode 95036 with 233 steps [episode count 52/80]
2025-02-25 18:13:27: [embed_episodes] embedded episode 11077 with 234 steps [episode count 53/80]
2025-02-25 18:13:37: [embed_episodes] embedded episode 21830 with 170 steps [episode count 54/80]
2025-02-25 18:18:30: [embed_episodes] embedded episode 18248 with 147 steps [episode count 55/80]
2025-02-25 18:18:45: [embed_episodes] embedded episode 6483 with 171 steps [episode count 56/80]
2025-02-25 18:18:59: [embed_episodes] embedded episode 68443 with 177 steps [episode count 57/80]
2025-02-25 18:19:12: [embed_episodes] embedded episode 22365 with 245 steps [episode count 58/80]
2025-02-25 18:19:23: [embed_episodes] embedded episode 14688 with 213 steps [episode count 59/80]
2025-02-25 18:23:06: [embed_episodes] embedded episode 90471 with 205 steps [episode count 60/80]
2025-02-25 18:24:45: [embed_episodes] embedded episode 74613 with 152 steps [episode count 61/80]
2025-02-25 18:31:32: [embed_episodes] embedded episode 38270 with 172 steps [episode count 62/80]
2025-02-25 18:31:43: [embed_episodes] embedded episode 40839 with 240 steps [episode count 63/80]
2025-02-25 18:31:53: [embed_episodes] embedded episode 58767 with 230 steps [episode count 64/80]
2025-02-25 18:34:07: [embed_episodes] embedded episode 49552 with 202 steps [episode count 65/80]
2025-02-25 18:42:18: [embed_episodes] embedded episode 63377 with 163 steps [episode count 66/80]
2025-02-25 18:48:33: [embed_episodes] embedded episode 12183 with 186 steps [episode count 67/80]
2025-02-25 18:48:45: [embed_episodes] embedded episode 14744 with 144 steps [episode count 68/80]
2025-02-25 18:49:00: [embed_episodes] embedded episode 29106 with 233 steps [episode count 69/80]
2025-02-25 18:50:09: [embed_episodes] embedded episode 16311 with 247 steps [episode count 70/80]
2025-02-25 18:52:26: [embed_episodes] embedded episode 44987 with 202 steps [episode count 71/80]
2025-02-25 18:54:32: [embed_episodes] embedded episode 83902 with 187 steps [episode count 72/80]
2025-02-25 19:01:07: [embed_episodes] embedded episode 19406 with 389 steps [episode count 73/80]
2025-02-25 19:05:33: [embed_episodes] embedded episode 51154 with 199 steps [episode count 74/80]
2025-02-25 19:11:42: [embed_episodes] embedded episode 67554 with 321 steps [episode count 75/80]
2025-02-25 19:11:55: [embed_episodes] embedded episode 55282 with 150 steps [episode count 76/80]
2025-02-25 19:14:10: [embed_episodes] embedded episode 40949 with 137 steps [episode count 77/80]
2025-02-25 19:21:50: [embed_episodes] embedded episode 25079 with 204 steps [episode count 78/80]
2025-02-25 19:23:01: [embed_episodes] embedded episode 86008 with 200 steps [episode count 79/80]
2025-02-25 19:23:01: [embed_episodes] finished embedding all episodes for (9228483020, 'marker') [chosen_id count 1/105]
2025-02-25 19:31:41: [embed_episodes] embedded episode 43393 with 571 steps [episode count 0/51]
2025-02-25 19:31:59: [embed_episodes] embedded episode 32514 with 348 steps [episode count 1/51]
2025-02-25 19:37:29: [embed_episodes] embedded episode 46595 with 760 steps [episode count 2/51]
2025-02-25 19:37:55: [embed_episodes] embedded episode 81027 with 453 steps [episode count 3/51]
2025-02-25 19:38:24: [embed_episodes] embedded episode 32391 with 594 steps [episode count 4/51]
2025-02-25 19:39:34: [embed_episodes] embedded episode 26504 with 586 steps [episode count 5/51]
2025-02-25 19:40:04: [embed_episodes] embedded episode 52360 with 773 steps [episode count 6/51]
2025-02-25 19:40:33: [embed_episodes] embedded episode 57096 with 681 steps [episode count 7/51]
2025-02-25 19:40:44: [embed_episodes] embedded episode 79758 with 233 steps [episode count 8/51]
2025-02-25 19:41:13: [embed_episodes] embedded episode 76688 with 488 steps [episode count 9/51]
2025-02-25 19:42:11: [embed_episodes] embedded episode 65425 with 529 steps [episode count 10/51]
2025-02-25 19:42:39: [embed_episodes] embedded episode 59540 with 418 steps [episode count 11/51]
2025-02-25 19:43:05: [embed_episodes] embedded episode 57749 with 531 steps [episode count 12/51]
2025-02-25 19:43:31: [embed_episodes] embedded episode 33047 with 455 steps [episode count 13/51]
2025-02-25 19:44:21: [embed_episodes] embedded episode 37655 with 558 steps [episode count 14/51]
2025-02-25 19:44:40: [embed_episodes] embedded episode 44697 with 385 steps [episode count 15/51]
2025-02-25 19:45:07: [embed_episodes] embedded episode 53531 with 442 steps [episode count 16/51]
2025-02-25 19:45:21: [embed_episodes] embedded episode 5534 with 345 steps [episode count 17/51]
2025-02-25 19:46:57: [embed_episodes] embedded episode 45215 with 537 steps [episode count 18/51]
2025-02-25 19:48:01: [embed_episodes] embedded episode 63651 with 814 steps [episode count 19/51]
2025-02-25 19:48:18: [embed_episodes] embedded episode 32549 with 351 steps [episode count 20/51]
2025-02-25 19:48:36: [embed_episodes] embedded episode 29865 with 364 steps [episode count 21/51]
2025-02-25 19:49:36: [embed_episodes] embedded episode 44460 with 571 steps [episode count 22/51]
2025-02-25 19:49:53: [embed_episodes] embedded episode 44588 with 337 steps [episode count 23/51]
2025-02-25 19:51:09: [embed_episodes] embedded episode 6831 with 539 steps [episode count 24/51]
2025-02-25 19:51:34: [embed_episodes] embedded episode 26160 with 516 steps [episode count 25/51]
2025-02-25 19:52:47: [embed_episodes] embedded episode 80431 with 420 steps [episode count 26/51]
2025-02-25 19:53:30: [embed_episodes] embedded episode 32061 with 486 steps [episode count 27/51]
2025-02-25 19:53:57: [embed_episodes] embedded episode 7741 with 472 steps [episode count 28/51]
2025-02-25 19:54:14: [embed_episodes] embedded episode 69567 with 380 steps [episode count 29/51]
2025-02-25 19:59:52: [embed_episodes] embedded episode 25542 with 739 steps [episode count 30/51]
2025-02-25 20:00:48: [embed_episodes] embedded episode 33479 with 384 steps [episode count 31/51]
2025-02-25 20:01:13: [embed_episodes] embedded episode 93766 with 503 steps [episode count 32/51]
2025-02-25 20:01:28: [embed_episodes] embedded episode 5454 with 272 steps [episode count 33/51]
2025-02-25 20:01:52: [embed_episodes] embedded episode 16078 with 437 steps [episode count 34/51]
2025-02-25 20:02:16: [embed_episodes] embedded episode 32590 with 432 steps [episode count 35/51]
2025-02-25 20:02:39: [embed_episodes] embedded episode 16981 with 572 steps [episode count 36/51]
2025-02-25 20:03:02: [embed_episodes] embedded episode 85117 with 467 steps [episode count 37/51]
2025-02-25 20:03:21: [embed_episodes] embedded episode 66656 with 341 steps [episode count 38/51]
2025-02-25 20:03:39: [embed_episodes] embedded episode 87648 with 340 steps [episode count 39/51]
2025-02-25 20:12:52: [embed_episodes] embedded episode 53988 with 791 steps [episode count 40/51]
2025-02-25 20:13:16: [embed_episodes] embedded episode 28264 with 673 steps [episode count 41/51]
2025-02-25 20:13:44: [embed_episodes] embedded episode 72296 with 446 steps [episode count 42/51]
2025-02-25 20:14:09: [embed_episodes] embedded episode 11245 with 403 steps [episode count 43/51]
2025-02-25 20:20:20: [embed_episodes] embedded episode 76654 with 660 steps [episode count 44/51]
2025-02-25 20:20:54: [embed_episodes] embedded episode 66287 with 651 steps [episode count 45/51]
2025-02-25 20:21:22: [embed_episodes] embedded episode 23536 with 470 steps [episode count 46/51]
2025-02-25 20:21:47: [embed_episodes] embedded episode 45168 with 420 steps [episode count 47/51]
2025-02-25 20:22:43: [embed_episodes] embedded episode 61437 with 479 steps [episode count 48/51]
2025-02-25 20:23:39: [embed_episodes] embedded episode 86894 with 323 steps [episode count 49/51]
2025-02-25 20:27:43: [embed_episodes] embedded episode 43389 with 503 steps [episode count 50/51]
2025-02-25 20:27:43: [embed_episodes] finished embedding all episodes for (2927338332, 'cloth') [chosen_id count 2/105]
2025-02-25 20:27:53: [embed_episodes] embedded episode 19201 with 83 steps [episode count 0/54]
2025-02-25 20:27:59: [embed_episodes] embedded episode 71298 with 67 steps [episode count 1/54]
2025-02-25 20:29:20: [embed_episodes] embedded episode 27139 with 83 steps [episode count 2/54]
2025-02-25 20:32:49: [embed_episodes] embedded episode 75395 with 92 steps [episode count 3/54]
2025-02-25 20:32:58: [embed_episodes] embedded episode 10502 with 78 steps [episode count 4/54]
2025-02-25 20:33:41: [embed_episodes] embedded episode 69258 with 80 steps [episode count 5/54]
2025-02-25 20:34:57: [embed_episodes] embedded episode 78348 with 98 steps [episode count 6/54]
2025-02-25 20:35:04: [embed_episodes] embedded episode 10638 with 79 steps [episode count 7/54]
2025-02-25 20:35:11: [embed_episodes] embedded episode 45071 with 72 steps [episode count 8/54]
2025-02-25 20:35:19: [embed_episodes] embedded episode 43028 with 70 steps [episode count 9/54]
2025-02-25 20:40:36: [embed_episodes] embedded episode 29845 with 107 steps [episode count 10/54]
2025-02-25 20:41:19: [embed_episodes] embedded episode 82840 with 69 steps [episode count 11/54]
2025-02-25 20:41:30: [embed_episodes] embedded episode 17307 with 71 steps [episode count 12/54]
2025-02-25 20:41:38: [embed_episodes] embedded episode 23964 with 79 steps [episode count 13/54]
2025-02-25 20:43:42: [embed_episodes] embedded episode 64028 with 77 steps [episode count 14/54]
2025-02-25 20:44:20: [embed_episodes] embedded episode 27934 with 86 steps [episode count 15/54]
2025-02-25 20:44:31: [embed_episodes] embedded episode 82977 with 75 steps [episode count 16/54]
2025-02-25 20:46:30: [embed_episodes] embedded episode 48675 with 90 steps [episode count 17/54]
2025-02-25 20:46:41: [embed_episodes] embedded episode 75176 with 63 steps [episode count 18/54]
2025-02-25 20:48:04: [embed_episodes] embedded episode 58537 with 73 steps [episode count 19/54]
2025-02-25 20:50:09: [embed_episodes] embedded episode 67241 with 137 steps [episode count 20/54]
2025-02-25 20:53:05: [embed_episodes] embedded episode 88106 with 82 steps [episode count 21/54]
2025-02-25 20:53:12: [embed_episodes] embedded episode 28460 with 80 steps [episode count 22/54]
2025-02-25 20:53:19: [embed_episodes] embedded episode 77950 with 78 steps [episode count 23/54]
2025-02-25 20:53:25: [embed_episodes] embedded episode 26545 with 75 steps [episode count 24/54]
2025-02-25 20:53:33: [embed_episodes] embedded episode 54075 with 82 steps [episode count 25/54]
2025-02-25 20:53:44: [embed_episodes] embedded episode 78780 with 81 steps [episode count 26/54]
2025-02-25 20:53:53: [embed_episodes] embedded episode 77248 with 92 steps [episode count 27/54]
2025-02-25 20:54:04: [embed_episodes] embedded episode 37185 with 62 steps [episode count 28/54]
2025-02-25 20:54:16: [embed_episodes] embedded episode 23234 with 75 steps [episode count 29/54]
2025-02-25 20:54:45: [embed_episodes] embedded episode 59202 with 78 steps [episode count 30/54]
2025-02-25 20:55:14: [embed_episodes] embedded episode 76871 with 66 steps [episode count 31/54]
2025-02-25 20:58:37: [embed_episodes] embedded episode 89930 with 76 steps [episode count 32/54]
2025-02-25 20:59:03: [embed_episodes] embedded episode 25805 with 70 steps [episode count 33/54]
2025-02-25 21:02:41: [embed_episodes] embedded episode 8015 with 82 steps [episode count 34/54]
2025-02-25 21:06:52: [embed_episodes] embedded episode 44755 with 68 steps [episode count 35/54]
2025-02-25 21:09:55: [embed_episodes] embedded episode 84819 with 75 steps [episode count 36/54]
2025-02-25 21:12:09: [embed_episodes] embedded episode 12760 with 81 steps [episode count 37/54]
2025-02-25 21:16:48: [embed_episodes] embedded episode 22361 with 81 steps [episode count 38/54]
2025-02-25 21:17:00: [embed_episodes] embedded episode 50776 with 101 steps [episode count 39/54]
2025-02-25 21:17:08: [embed_episodes] embedded episode 21211 with 76 steps [episode count 40/54]
2025-02-25 21:22:04: [embed_episodes] embedded episode 71386 with 122 steps [episode count 41/54]
2025-02-25 21:23:20: [embed_episodes] embedded episode 37597 with 100 steps [episode count 42/54]
2025-02-25 21:24:42: [embed_episodes] embedded episode 83930 with 110 steps [episode count 43/54]
2025-02-25 21:24:50: [embed_episodes] embedded episode 91486 with 72 steps [episode count 44/54]
2025-02-25 21:24:59: [embed_episodes] embedded episode 38124 with 88 steps [episode count 45/54]
2025-02-25 21:25:39: [embed_episodes] embedded episode 48877 with 67 steps [episode count 46/54]
2025-02-25 21:26:14: [embed_episodes] embedded episode 19700 with 73 steps [episode count 47/54]
2025-02-25 21:26:27: [embed_episodes] embedded episode 75125 with 76 steps [episode count 48/54]
2025-02-25 21:26:36: [embed_episodes] embedded episode 64118 with 75 steps [episode count 49/54]
2025-02-25 21:26:45: [embed_episodes] embedded episode 82676 with 71 steps [episode count 50/54]
2025-02-25 21:26:53: [embed_episodes] embedded episode 68088 with 67 steps [episode count 51/54]
2025-02-25 21:27:04: [embed_episodes] embedded episode 50426 with 61 steps [episode count 52/54]
2025-02-25 21:27:12: [embed_episodes] embedded episode 67966 with 70 steps [episode count 53/54]
2025-02-25 21:27:12: [embed_episodes] finished embedding all episodes for (52817038, 'block') [chosen_id count 3/105]
2025-02-25 21:27:40: [embed_episodes] embedded episode 40704 with 133 steps [episode count 0/54]
2025-02-25 21:27:54: [embed_episodes] embedded episode 85632 with 142 steps [episode count 1/54]
2025-02-25 21:28:05: [embed_episodes] embedded episode 92936 with 146 steps [episode count 2/54]
2025-02-25 21:28:23: [embed_episodes] embedded episode 26123 with 148 steps [episode count 3/54]
2025-02-25 21:28:39: [embed_episodes] embedded episode 56333 with 165 steps [episode count 4/54]
2025-02-25 21:28:51: [embed_episodes] embedded episode 68750 with 119 steps [episode count 5/54]
2025-02-25 21:29:04: [embed_episodes] embedded episode 57743 with 109 steps [episode count 6/54]
2025-02-25 21:29:18: [embed_episodes] embedded episode 48530 with 155 steps [episode count 7/54]
2025-02-25 21:29:28: [embed_episodes] embedded episode 69652 with 137 steps [episode count 8/54]
2025-02-25 21:29:44: [embed_episodes] embedded episode 90005 with 185 steps [episode count 9/54]
2025-02-25 21:30:02: [embed_episodes] embedded episode 71064 with 156 steps [episode count 10/54]
2025-02-25 21:30:10: [embed_episodes] embedded episode 42521 with 144 steps [episode count 11/54]
2025-02-25 21:30:24: [embed_episodes] embedded episode 58010 with 158 steps [episode count 12/54]
2025-02-25 21:30:36: [embed_episodes] embedded episode 34206 with 307 steps [episode count 13/54]
2025-02-25 21:30:44: [embed_episodes] embedded episode 48035 with 129 steps [episode count 14/54]
2025-02-25 21:30:55: [embed_episodes] embedded episode 80677 with 124 steps [episode count 15/54]
2025-02-25 21:31:05: [embed_episodes] embedded episode 90410 with 131 steps [episode count 16/54]
2025-02-25 21:31:19: [embed_episodes] embedded episode 71803 with 159 steps [episode count 17/54]
2025-02-25 21:31:33: [embed_episodes] embedded episode 65708 with 160 steps [episode count 18/54]
2025-02-25 21:31:48: [embed_episodes] embedded episode 81837 with 184 steps [episode count 19/54]
2025-02-25 21:32:00: [embed_episodes] embedded episode 37808 with 142 steps [episode count 20/54]
2025-02-25 21:32:13: [embed_episodes] embedded episode 26802 with 176 steps [episode count 21/54]
2025-02-25 21:32:24: [embed_episodes] embedded episode 40498 with 163 steps [episode count 22/54]
2025-02-25 21:32:34: [embed_episodes] embedded episode 78003 with 144 steps [episode count 23/54]
2025-02-25 21:32:48: [embed_episodes] embedded episode 60987 with 149 steps [episode count 24/54]
2025-02-25 21:33:03: [embed_episodes] embedded episode 15294 with 196 steps [episode count 25/54]
2025-02-25 21:33:18: [embed_episodes] embedded episode 46276 with 168 steps [episode count 26/54]
2025-02-25 21:33:28: [embed_episodes] embedded episode 70340 with 149 steps [episode count 27/54]
2025-02-25 21:33:39: [embed_episodes] embedded episode 9926 with 152 steps [episode count 28/54]
2025-02-25 21:33:49: [embed_episodes] embedded episode 14281 with 148 steps [episode count 29/54]
2025-02-25 21:33:58: [embed_episodes] embedded episode 33481 with 134 steps [episode count 30/54]
2025-02-25 21:34:09: [embed_episodes] embedded episode 85453 with 142 steps [episode count 31/54]
2025-02-25 21:34:19: [embed_episodes] embedded episode 75984 with 157 steps [episode count 32/54]
2025-02-25 21:34:30: [embed_episodes] embedded episode 83280 with 149 steps [episode count 33/54]
2025-02-25 21:34:43: [embed_episodes] embedded episode 49106 with 127 steps [episode count 34/54]
2025-02-25 21:35:16: [embed_episodes] embedded episode 57300 with 200 steps [episode count 35/54]
2025-02-25 21:35:29: [embed_episodes] embedded episode 54869 with 157 steps [episode count 36/54]
2025-02-25 21:35:40: [embed_episodes] embedded episode 94038 with 182 steps [episode count 37/54]
2025-02-25 21:35:51: [embed_episodes] embedded episode 48855 with 151 steps [episode count 38/54]
2025-02-25 21:36:05: [embed_episodes] embedded episode 61399 with 138 steps [episode count 39/54]
2025-02-25 21:36:17: [embed_episodes] embedded episode 66137 with 182 steps [episode count 40/54]
2025-02-25 21:36:28: [embed_episodes] embedded episode 91613 with 156 steps [episode count 41/54]
2025-02-25 21:36:43: [embed_episodes] embedded episode 91616 with 132 steps [episode count 42/54]
2025-02-25 21:36:57: [embed_episodes] embedded episode 21861 with 164 steps [episode count 43/54]
2025-02-25 21:37:07: [embed_episodes] embedded episode 49514 with 150 steps [episode count 44/54]
2025-02-25 21:37:57: [embed_episodes] embedded episode 58475 with 171 steps [episode count 45/54]
2025-02-25 21:38:07: [embed_episodes] embedded episode 62058 with 138 steps [episode count 46/54]
2025-02-25 21:38:20: [embed_episodes] embedded episode 12398 with 117 steps [episode count 47/54]
2025-02-25 21:38:31: [embed_episodes] embedded episode 90097 with 155 steps [episode count 48/54]
2025-02-25 21:38:45: [embed_episodes] embedded episode 88180 with 180 steps [episode count 49/54]
2025-02-25 21:38:56: [embed_episodes] embedded episode 37878 with 169 steps [episode count 50/54]
2025-02-25 21:39:09: [embed_episodes] embedded episode 51960 with 126 steps [episode count 51/54]
2025-02-25 21:39:21: [embed_episodes] embedded episode 58747 with 232 steps [episode count 52/54]
2025-02-25 21:39:35: [embed_episodes] embedded episode 56318 with 153 steps [episode count 53/54]
2025-02-25 21:39:35: [embed_episodes] finished embedding all episodes for (8815207926, 'block') [chosen_id count 4/105]
2025-02-25 21:39:35: [embed_episodes] done!
