nohup: ignoring input
2025-02-23 20:31:07: got the info dicts: there are 36687 groupings

2025-02-23 20:31:07: number of groupings with atleast 50 episodes [in the first 95658 episodes]: 105

these groupings have chosen_id-->num_episodes as

 {(1297764552, 'bottle'): 53, (2515873443, 'cloth'): 50, (5235850418, 'drawer'): 612, (5879622450, 'block'): 108, (1431810548, 'lid'): 51, (3485794757, 'marker'): 97, (8756300955, 'block'): 117, (1180576306, 'cloth'): 60, (9154343709, 'drawer'): 96, (6498288010, 'bottle'): 138, (8911427557, 'bottle'): 50, (1058976383, 'drawer'): 148, (4045730075, 'lid'): 61, (1712293193, 'marker'): 163, (65137982, 'block'): 100, (4329524892, 'cup'): 166, (484659531, 'marker'): 96, (-1, 'marker'): 1032, (6078642573, 'marker'): 54, (452818143, 'lid'): 221, (1461982682, 'cloth'): 76, (5235850418, 'block'): 97, (7495112204, 'marker'): 102, (666854965, 'marker'): 68, (395700094, 'block'): 72, (3827924651, 'lid'): 67, (6612454114, 'block'): 65, (2782099537, 'marker'): 75, (8376714657, 'marker'): 464, (3452853472, 'drawer'): 91, (9306310171, 'marker'): 97, (3816161570, 'drawer'): 78, (5511329841, 'marker'): 59, (3951366978, 'cup'): 112, (1959308322, 'marker'): 65, (3163748394, 'cup'): 127, (7644292911, 'marker'): 50, (1775582436, 'marker'): 98, (4706041793, 'cloth'): 142, (2370783071, 'block'): 50, (9551783935, 'drawer'): 65, (2782099537, 'cup'): 153, (7489911085, 'cloth'): 179, (5576515039, 'marker'): 50, (4465064685, 'marker'): 198, (9186164821, 'bottle'): 57, (5207831207, 'cup'): 139, (3774560981, 'cloth'): 99, (4823049285, 'bottle'): 234, (9130122211, 'marker'): 159, (6313680013, 'cup'): 50, (9088223759, 'bottle'): 99, (8098563998, 'lid'): 73, (9505766118, 'drawer'): 108, (441689524, 'mug'): 77, (8150285641, 'marker'): 63, (8456936732, 'bottle'): 54, (446878712, 'marker'): 83, (6093644330, 'cloth'): 52, (4345518188, 'lid'): 89, (5024387521, 'marker'): 60, (6498288010, 'lid'): 96, (4823049285, 'block'): 174, (6667529842, 'lid'): 90, (5507987860, 'marker'): 100, (8898968162, 'block'): 58, (-1, 'mug'): 228, (9965421062, 'bottle'): 63, (6357288647, 'lid'): 71, (5701580274, 'marker'): 67, (1469427884, 'marker'): 63, (9933578360, 'drawer'): 53, (1498834123, 'cup'): 77, (440287856, 'drawer'): 75, (376702246, 'cup'): 53, (9883209091, 'mug'): 201, (9934859632, 'marker'): 62, (4312815282, 'marker'): 66, (-1, 'cup'): 113, (8922050678, 'lid'): 64, (2883696971, 'cup'): 69, (9209350647, 'drawer'): 76, (6655265581, 'cup'): 51, (4345518188, 'cloth'): 91, (4545879864, 'marker'): 51, (818725642, 'block'): 63, (3854327802, 'bottle'): 97, (3951366978, 'lid'): 72, (5059283044, 'drawer'): 113, (4846810092, 'cloth'): 93, (8690198922, 'marker'): 65, (1477699675, 'marker'): 89, (4400212150, 'marker'): 52, (1526685371, 'marker'): 62, (6074146895, 'lid'): 59, (8911427557, 'cup'): 112, (8702636502, 'lid'): 90, (8172596608, 'cup'): 51, (1575177183, 'marker'): 59, (5414640868, 'lid'): 56, (1477699675, 'mug'): 57, (9228483020, 'marker'): 80, (2927338332, 'cloth'): 51, (52817038, 'block'): 54, (8815207926, 'block'): 54}
Some kwargs in processor config are unused and will not have any effect: vocab_size, scale, min_token, action_dim, time_horizon. 
Some kwargs in processor config are unused and will not have any effect: vocab_size, scale, min_token, action_dim, time_horizon. 
2025-02-23 20:31:46: [embed_episodes] embedded episode 40704 with 133 steps [episode count 0/54]
2025-02-23 20:31:59: [embed_episodes] embedded episode 85632 with 142 steps [episode count 1/54]
2025-02-23 20:32:12: [embed_episodes] embedded episode 92936 with 146 steps [episode count 2/54]
2025-02-23 20:32:24: [embed_episodes] embedded episode 26123 with 148 steps [episode count 3/54]
2025-02-23 20:32:38: [embed_episodes] embedded episode 56333 with 165 steps [episode count 4/54]
2025-02-23 20:32:52: [embed_episodes] embedded episode 68750 with 119 steps [episode count 5/54]
2025-02-23 20:33:05: [embed_episodes] embedded episode 57743 with 109 steps [episode count 6/54]
2025-02-23 20:33:20: [embed_episodes] embedded episode 48530 with 155 steps [episode count 7/54]
2025-02-23 20:33:32: [embed_episodes] embedded episode 69652 with 137 steps [episode count 8/54]
2025-02-23 20:33:45: [embed_episodes] embedded episode 90005 with 185 steps [episode count 9/54]
2025-02-23 20:33:58: [embed_episodes] embedded episode 71064 with 156 steps [episode count 10/54]
2025-02-23 20:34:10: [embed_episodes] embedded episode 42521 with 144 steps [episode count 11/54]
2025-02-23 20:34:23: [embed_episodes] embedded episode 58010 with 158 steps [episode count 12/54]
2025-02-23 20:34:38: [embed_episodes] embedded episode 34206 with 307 steps [episode count 13/54]
2025-02-23 20:34:51: [embed_episodes] embedded episode 48035 with 129 steps [episode count 14/54]
2025-02-23 20:35:03: [embed_episodes] embedded episode 80677 with 124 steps [episode count 15/54]
2025-02-23 20:35:15: [embed_episodes] embedded episode 90410 with 131 steps [episode count 16/54]
2025-02-23 20:35:27: [embed_episodes] embedded episode 71803 with 159 steps [episode count 17/54]
2025-02-23 20:35:40: [embed_episodes] embedded episode 65708 with 160 steps [episode count 18/54]
2025-02-23 20:35:53: [embed_episodes] embedded episode 81837 with 184 steps [episode count 19/54]
2025-02-23 20:36:02: [embed_episodes] embedded episode 37808 with 142 steps [episode count 20/54]
2025-02-23 20:36:15: [embed_episodes] embedded episode 26802 with 176 steps [episode count 21/54]
2025-02-23 20:36:28: [embed_episodes] embedded episode 40498 with 163 steps [episode count 22/54]
2025-02-23 20:36:38: [embed_episodes] embedded episode 78003 with 144 steps [episode count 23/54]
2025-02-23 20:36:51: [embed_episodes] embedded episode 60987 with 149 steps [episode count 24/54]
2025-02-23 20:37:05: [embed_episodes] embedded episode 15294 with 196 steps [episode count 25/54]
2025-02-23 20:37:19: [embed_episodes] embedded episode 46276 with 168 steps [episode count 26/54]
