nohup: ignoring input
2025-02-23 22:56:05: got the info dicts: there are 36687 groupings

2025-02-23 22:56:05: number of groupings with atleast 50 episodes [in the first 95658 episodes]: 105

these groupings have chosen_id-->num_episodes as

 {(1297764552, 'bottle'): 53, (2515873443, 'cloth'): 50, (5235850418, 'drawer'): 612, (5879622450, 'block'): 108, (1431810548, 'lid'): 51, (3485794757, 'marker'): 97, (8756300955, 'block'): 117, (1180576306, 'cloth'): 60, (9154343709, 'drawer'): 96, (6498288010, 'bottle'): 138, (8911427557, 'bottle'): 50, (1058976383, 'drawer'): 148, (4045730075, 'lid'): 61, (1712293193, 'marker'): 163, (65137982, 'block'): 100, (4329524892, 'cup'): 166, (484659531, 'marker'): 96, (-1, 'marker'): 1032, (6078642573, 'marker'): 54, (452818143, 'lid'): 221, (1461982682, 'cloth'): 76, (5235850418, 'block'): 97, (7495112204, 'marker'): 102, (666854965, 'marker'): 68, (395700094, 'block'): 72, (3827924651, 'lid'): 67, (6612454114, 'block'): 65, (2782099537, 'marker'): 75, (8376714657, 'marker'): 464, (3452853472, 'drawer'): 91, (9306310171, 'marker'): 97, (3816161570, 'drawer'): 78, (5511329841, 'marker'): 59, (3951366978, 'cup'): 112, (1959308322, 'marker'): 65, (3163748394, 'cup'): 127, (7644292911, 'marker'): 50, (1775582436, 'marker'): 98, (4706041793, 'cloth'): 142, (2370783071, 'block'): 50, (9551783935, 'drawer'): 65, (2782099537, 'cup'): 153, (7489911085, 'cloth'): 179, (5576515039, 'marker'): 50, (4465064685, 'marker'): 198, (9186164821, 'bottle'): 57, (5207831207, 'cup'): 139, (3774560981, 'cloth'): 99, (4823049285, 'bottle'): 234, (9130122211, 'marker'): 159, (6313680013, 'cup'): 50, (9088223759, 'bottle'): 99, (8098563998, 'lid'): 73, (9505766118, 'drawer'): 108, (441689524, 'mug'): 77, (8150285641, 'marker'): 63, (8456936732, 'bottle'): 54, (446878712, 'marker'): 83, (6093644330, 'cloth'): 52, (4345518188, 'lid'): 89, (5024387521, 'marker'): 60, (6498288010, 'lid'): 96, (4823049285, 'block'): 174, (6667529842, 'lid'): 90, (5507987860, 'marker'): 100, (8898968162, 'block'): 58, (-1, 'mug'): 228, (9965421062, 'bottle'): 63, (6357288647, 'lid'): 71, (5701580274, 'marker'): 67, (1469427884, 'marker'): 63, (9933578360, 'drawer'): 53, (1498834123, 'cup'): 77, (440287856, 'drawer'): 75, (376702246, 'cup'): 53, (9883209091, 'mug'): 201, (9934859632, 'marker'): 62, (4312815282, 'marker'): 66, (-1, 'cup'): 113, (8922050678, 'lid'): 64, (2883696971, 'cup'): 69, (9209350647, 'drawer'): 76, (6655265581, 'cup'): 51, (4345518188, 'cloth'): 91, (4545879864, 'marker'): 51, (818725642, 'block'): 63, (3854327802, 'bottle'): 97, (3951366978, 'lid'): 72, (5059283044, 'drawer'): 113, (4846810092, 'cloth'): 93, (8690198922, 'marker'): 65, (1477699675, 'marker'): 89, (4400212150, 'marker'): 52, (1526685371, 'marker'): 62, (6074146895, 'lid'): 59, (8911427557, 'cup'): 112, (8702636502, 'lid'): 90, (8172596608, 'cup'): 51, (1575177183, 'marker'): 59, (5414640868, 'lid'): 56, (1477699675, 'mug'): 57, (9228483020, 'marker'): 80, (2927338332, 'cloth'): 51, (52817038, 'block'): 54, (8815207926, 'block'): 54}
Some kwargs in processor config are unused and will not have any effect: vocab_size, min_token, time_horizon, action_dim, scale. 
Some kwargs in processor config are unused and will not have any effect: vocab_size, min_token, time_horizon, action_dim, scale. 
2025-02-23 22:56:43: [embed_episodes] embedded episode 86144 with 190 steps [episode count 0/76]
2025-02-23 22:56:57: [embed_episodes] embedded episode 60161 with 236 steps [episode count 1/76]
2025-02-23 22:57:11: [embed_episodes] embedded episode 80642 with 251 steps [episode count 2/76]
2025-02-23 22:57:24: [embed_episodes] embedded episode 10372 with 201 steps [episode count 3/76]
2025-02-23 22:57:36: [embed_episodes] embedded episode 27268 with 205 steps [episode count 4/76]
2025-02-23 22:57:50: [embed_episodes] embedded episode 37764 with 228 steps [episode count 5/76]
2025-02-23 22:58:04: [embed_episodes] embedded episode 41099 with 261 steps [episode count 6/76]
2025-02-23 22:58:17: [embed_episodes] embedded episode 81035 with 216 steps [episode count 7/76]
2025-02-23 22:58:31: [embed_episodes] embedded episode 58511 with 242 steps [episode count 8/76]
2025-02-23 22:58:45: [embed_episodes] embedded episode 71313 with 249 steps [episode count 9/76]
2025-02-23 22:58:59: [embed_episodes] embedded episode 32019 with 206 steps [episode count 10/76]
2025-02-23 22:59:12: [embed_episodes] embedded episode 67219 with 229 steps [episode count 11/76]
2025-02-23 22:59:25: [embed_episodes] embedded episode 149 with 210 steps [episode count 12/76]
2025-02-23 22:59:37: [embed_episodes] embedded episode 10902 with 174 steps [episode count 13/76]
2025-02-23 22:59:50: [embed_episodes] embedded episode 35735 with 220 steps [episode count 14/76]
2025-02-23 23:00:03: [embed_episodes] embedded episode 78744 with 225 steps [episode count 15/76]
2025-02-23 23:00:17: [embed_episodes] embedded episode 81340 with 244 steps [episode count 16/76]
2025-02-23 23:00:27: [embed_episodes] embedded episode 89627 with 261 steps [episode count 17/76]
2025-02-23 23:00:41: [embed_episodes] embedded episode 36124 with 218 steps [episode count 18/76]
2025-02-23 23:00:53: [embed_episodes] embedded episode 22559 with 160 steps [episode count 19/76]
2025-02-23 23:01:05: [embed_episodes] embedded episode 30240 with 164 steps [episode count 20/76]
2025-02-23 23:01:18: [embed_episodes] embedded episode 42785 with 161 steps [episode count 21/76]
2025-02-23 23:01:31: [embed_episodes] embedded episode 49058 with 200 steps [episode count 22/76]
2025-02-23 23:01:44: [embed_episodes] embedded episode 54179 with 222 steps [episode count 23/76]
2025-02-23 23:01:58: [embed_episodes] embedded episode 74017 with 264 steps [episode count 24/76]
2025-02-23 23:02:10: [embed_episodes] embedded episode 86815 with 150 steps [episode count 25/76]
2025-02-23 23:02:24: [embed_episodes] embedded episode 27559 with 187 steps [episode count 26/76]
2025-02-23 23:02:36: [embed_episodes] embedded episode 21288 with 202 steps [episode count 27/76]
2025-02-23 23:02:52: [embed_episodes] embedded episode 48812 with 356 steps [episode count 28/76]
2025-02-23 23:03:05: [embed_episodes] embedded episode 6445 with 211 steps [episode count 29/76]
2025-02-23 23:03:21: [embed_episodes] embedded episode 59565 with 354 steps [episode count 30/76]
2025-02-23 23:03:34: [embed_episodes] embedded episode 52402 with 245 steps [episode count 31/76]
2025-02-23 23:03:46: [embed_episodes] embedded episode 91571 with 162 steps [episode count 32/76]
2025-02-23 23:04:00: [embed_episodes] embedded episode 1717 with 258 steps [episode count 33/76]
2025-02-23 23:04:14: [embed_episodes] embedded episode 31541 with 186 steps [episode count 34/76]
2025-02-23 23:04:27: [embed_episodes] embedded episode 11575 with 243 steps [episode count 35/76]
2025-02-23 23:04:41: [embed_episodes] embedded episode 27832 with 262 steps [episode count 36/76]
2025-02-23 23:04:51: [embed_episodes] embedded episode 93881 with 245 steps [episode count 37/76]
2025-02-23 23:05:03: [embed_episodes] embedded episode 24891 with 157 steps [episode count 38/76]
2025-02-23 23:05:30: [embed_episodes] embedded episode 56251 with 461 steps [episode count 39/76]
2025-02-23 23:05:44: [embed_episodes] embedded episode 64957 with 259 steps [episode count 40/76]
2025-02-23 23:05:58: [embed_episodes] embedded episode 36926 with 214 steps [episode count 41/76]
2025-02-23 23:06:08: [embed_episodes] embedded episode 28863 with 201 steps [episode count 42/76]
2025-02-23 23:06:20: [embed_episodes] embedded episode 40000 with 179 steps [episode count 43/76]
2025-02-23 23:06:33: [embed_episodes] embedded episode 66113 with 238 steps [episode count 44/76]
2025-02-23 23:06:43: [embed_episodes] embedded episode 36162 with 211 steps [episode count 45/76]
2025-02-23 23:06:52: [embed_episodes] embedded episode 73666 with 161 steps [episode count 46/76]
2025-02-23 23:07:05: [embed_episodes] embedded episode 28100 with 194 steps [episode count 47/76]
2025-02-23 23:07:18: [embed_episodes] embedded episode 75073 with 217 steps [episode count 48/76]
2025-02-23 23:07:33: [embed_episodes] embedded episode 41158 with 306 steps [episode count 49/76]
2025-02-23 23:07:47: [embed_episodes] embedded episode 82622 with 252 steps [episode count 50/76]
2025-02-23 23:07:57: [embed_episodes] embedded episode 95176 with 206 steps [episode count 51/76]
2025-02-23 23:08:08: [embed_episodes] embedded episode 79305 with 243 steps [episode count 52/76]
2025-02-23 23:08:21: [embed_episodes] embedded episode 3919 with 203 steps [episode count 53/76]
2025-02-23 23:08:33: [embed_episodes] embedded episode 66001 with 197 steps [episode count 54/76]
2025-02-23 23:08:47: [embed_episodes] embedded episode 65746 with 246 steps [episode count 55/76]
2025-02-23 23:08:58: [embed_episodes] embedded episode 87253 with 206 steps [episode count 56/76]
2025-02-23 23:09:12: [embed_episodes] embedded episode 68568 with 287 steps [episode count 57/76]
2025-02-23 23:09:26: [embed_episodes] embedded episode 56154 with 234 steps [episode count 58/76]
2025-02-23 23:09:39: [embed_episodes] embedded episode 77147 with 204 steps [episode count 59/76]
2025-02-23 23:09:53: [embed_episodes] embedded episode 69980 with 215 steps [episode count 60/76]
2025-02-23 23:10:06: [embed_episodes] embedded episode 13149 with 208 steps [episode count 61/76]
2025-02-23 23:10:15: [embed_episodes] embedded episode 37726 with 205 steps [episode count 62/76]
2025-02-23 23:10:26: [embed_episodes] embedded episode 79452 with 244 steps [episode count 63/76]
2025-02-23 23:10:36: [embed_episodes] embedded episode 32867 with 252 steps [episode count 64/76]
2025-02-23 23:10:50: [embed_episodes] embedded episode 60133 with 176 steps [episode count 65/76]
2025-02-23 23:11:04: [embed_episodes] embedded episode 36327 with 273 steps [episode count 66/76]
2025-02-23 23:11:14: [embed_episodes] embedded episode 39143 with 225 steps [episode count 67/76]
2025-02-23 23:11:28: [embed_episodes] embedded episode 75495 with 268 steps [episode count 68/76]
2025-02-23 23:11:37: [embed_episodes] embedded episode 19436 with 157 steps [episode count 69/76]
2025-02-23 23:11:47: [embed_episodes] embedded episode 34029 with 222 steps [episode count 70/76]
2025-02-23 23:11:56: [embed_episodes] embedded episode 62060 with 205 steps [episode count 71/76]
2025-02-23 23:12:10: [embed_episodes] embedded episode 88556 with 239 steps [episode count 72/76]
2025-02-23 23:12:24: [embed_episodes] embedded episode 38000 with 248 steps [episode count 73/76]
2025-02-23 23:12:36: [embed_episodes] embedded episode 2552 with 178 steps [episode count 74/76]
2025-02-23 23:12:46: [embed_episodes] embedded episode 70777 with 201 steps [episode count 75/76]
2025-02-23 23:12:46: [embed_episodes] finished embedding all episodes for (1461982682, 'cloth') [chosen_id count 0/105]
2025-02-23 23:12:57: [embed_episodes] embedded episode 47105 with 83 steps [episode count 0/97]
2025-02-23 23:13:09: [embed_episodes] embedded episode 62470 with 98 steps [episode count 1/97]
2025-02-23 23:13:21: [embed_episodes] embedded episode 95238 with 97 steps [episode count 2/97]
2025-02-23 23:13:30: [embed_episodes] embedded episode 35852 with 98 steps [episode count 3/97]
2025-02-23 23:13:41: [embed_episodes] embedded episode 21025 with 90 steps [episode count 4/97]
2025-02-23 23:13:52: [embed_episodes] embedded episode 91171 with 101 steps [episode count 5/97]
2025-02-23 23:14:02: [embed_episodes] embedded episode 11313 with 176 steps [episode count 6/97]
2025-02-23 23:14:14: [embed_episodes] embedded episode 59958 with 124 steps [episode count 7/97]
2025-02-23 23:14:22: [embed_episodes] embedded episode 64055 with 101 steps [episode count 8/97]
2025-02-23 23:14:34: [embed_episodes] embedded episode 3128 with 134 steps [episode count 9/97]
2025-02-23 23:14:46: [embed_episodes] embedded episode 77882 with 111 steps [episode count 10/97]
2025-02-23 23:14:59: [embed_episodes] embedded episode 31804 with 146 steps [episode count 11/97]
2025-02-23 23:15:11: [embed_episodes] embedded episode 45643 with 107 steps [episode count 12/97]
2025-02-23 23:15:23: [embed_episodes] embedded episode 17486 with 95 steps [episode count 13/97]
2025-02-23 23:15:34: [embed_episodes] embedded episode 27730 with 88 steps [episode count 14/97]
2025-02-23 23:15:45: [embed_episodes] embedded episode 24149 with 123 steps [episode count 15/97]
2025-02-23 23:15:58: [embed_episodes] embedded episode 38487 with 122 steps [episode count 16/97]
2025-02-23 23:16:09: [embed_episodes] embedded episode 83033 with 104 steps [episode count 17/97]
2025-02-23 23:16:21: [embed_episodes] embedded episode 66138 with 125 steps [episode count 18/97]
2025-02-23 23:16:29: [embed_episodes] embedded episode 9311 with 104 steps [episode count 19/97]
2025-02-23 23:16:43: [embed_episodes] embedded episode 7776 with 183 steps [episode count 20/97]
2025-02-23 23:16:54: [embed_episodes] embedded episode 32875 with 102 steps [episode count 21/97]
2025-02-23 23:17:03: [embed_episodes] embedded episode 11378 with 101 steps [episode count 22/97]
2025-02-23 23:17:12: [embed_episodes] embedded episode 76918 with 95 steps [episode count 23/97]
2025-02-23 23:17:22: [embed_episodes] embedded episode 82039 with 86 steps [episode count 24/97]
2025-02-23 23:17:32: [embed_episodes] embedded episode 72315 with 119 steps [episode count 25/97]
2025-02-23 23:17:45: [embed_episodes] embedded episode 22141 with 209 steps [episode count 26/97]
2025-02-23 23:17:56: [embed_episodes] embedded episode 42111 with 85 steps [episode count 27/97]
2025-02-23 23:18:08: [embed_episodes] embedded episode 42628 with 106 steps [episode count 28/97]
2025-02-23 23:18:17: [embed_episodes] embedded episode 94344 with 106 steps [episode count 29/97]
2025-02-23 23:18:29: [embed_episodes] embedded episode 56977 with 141 steps [episode count 30/97]
2025-02-23 23:18:40: [embed_episodes] embedded episode 150 with 105 steps [episode count 31/97]
2025-02-23 23:18:51: [embed_episodes] embedded episode 4762 with 81 steps [episode count 32/97]
2025-02-23 23:18:59: [embed_episodes] embedded episode 25251 with 81 steps [episode count 33/97]
2025-02-23 23:19:07: [embed_episodes] embedded episode 36014 with 98 steps [episode count 34/97]
2025-02-23 23:19:16: [embed_episodes] embedded episode 43182 with 98 steps [episode count 35/97]
2025-02-23 23:19:24: [embed_episodes] embedded episode 34480 with 97 steps [episode count 36/97]
2025-02-23 23:19:33: [embed_episodes] embedded episode 4279 with 122 steps [episode count 37/97]
2025-02-23 23:19:41: [embed_episodes] embedded episode 45754 with 102 steps [episode count 38/97]
2025-02-23 23:19:51: [embed_episodes] embedded episode 57531 with 160 steps [episode count 39/97]
2025-02-23 23:20:01: [embed_episodes] embedded episode 7358 with 160 steps [episode count 40/97]
2025-02-23 23:20:12: [embed_episodes] embedded episode 33470 with 121 steps [episode count 41/97]
2025-02-23 23:20:21: [embed_episodes] embedded episode 65735 with 105 steps [episode count 42/97]
2025-02-23 23:20:30: [embed_episodes] embedded episode 70857 with 124 steps [episode count 43/97]
2025-02-23 23:20:39: [embed_episodes] embedded episode 56011 with 104 steps [episode count 44/97]
2025-02-23 23:20:50: [embed_episodes] embedded episode 67279 with 99 steps [episode count 45/97]
2025-02-23 23:21:01: [embed_episodes] embedded episode 11989 with 91 steps [episode count 46/97]
2025-02-23 23:21:09: [embed_episodes] embedded episode 41173 with 97 steps [episode count 47/97]
2025-02-23 23:21:21: [embed_episodes] embedded episode 12503 with 108 steps [episode count 48/97]
2025-02-23 23:21:32: [embed_episodes] embedded episode 45273 with 89 steps [episode count 49/97]
2025-02-23 23:21:41: [embed_episodes] embedded episode 73435 with 123 steps [episode count 50/97]
2025-02-23 23:21:52: [embed_episodes] embedded episode 88798 with 114 steps [episode count 51/97]
2025-02-23 23:22:04: [embed_episodes] embedded episode 83680 with 103 steps [episode count 52/97]
2025-02-23 23:22:15: [embed_episodes] embedded episode 46824 with 109 steps [episode count 53/97]
2025-02-23 23:22:23: [embed_episodes] embedded episode 29939 with 85 steps [episode count 54/97]
2025-02-23 23:22:32: [embed_episodes] embedded episode 7940 with 114 steps [episode count 55/97]
2025-02-23 23:22:40: [embed_episodes] embedded episode 58119 with 88 steps [episode count 56/97]
2025-02-23 23:22:49: [embed_episodes] embedded episode 26104 with 95 steps [episode count 57/97]
2025-02-23 23:22:58: [embed_episodes] embedded episode 5390 with 162 steps [episode count 58/97]
2025-02-23 23:23:06: [embed_episodes] embedded episode 33038 with 103 steps [episode count 59/97]
2025-02-23 23:23:18: [embed_episodes] embedded episode 21776 with 93 steps [episode count 60/97]
2025-02-23 23:23:27: [embed_episodes] embedded episode 48402 with 141 steps [episode count 61/97]
2025-02-23 23:23:40: [embed_episodes] embedded episode 80667 with 87 steps [episode count 62/97]
2025-02-23 23:23:51: [embed_episodes] embedded episode 20764 with 84 steps [episode count 63/97]
2025-02-23 23:23:59: [embed_episodes] embedded episode 46366 with 98 steps [episode count 64/97]
2025-02-23 23:24:09: [embed_episodes] embedded episode 75560 with 122 steps [episode count 65/97]
2025-02-23 23:24:18: [embed_episodes] embedded episode 60211 with 99 steps [episode count 66/97]
2025-02-23 23:24:28: [embed_episodes] embedded episode 43829 with 87 steps [episode count 67/97]
2025-02-23 23:24:41: [embed_episodes] embedded episode 71517 with 143 steps [episode count 68/97]
2025-02-23 23:24:49: [embed_episodes] embedded episode 55649 with 93 steps [episode count 69/97]
2025-02-23 23:25:02: [embed_episodes] embedded episode 86384 with 198 steps [episode count 70/97]
2025-02-23 23:25:10: [embed_episodes] embedded episode 69496 with 104 steps [episode count 71/97]
2025-02-23 23:25:19: [embed_episodes] embedded episode 19326 with 87 steps [episode count 72/97]
2025-02-23 23:25:28: [embed_episodes] embedded episode 383 with 201 steps [episode count 73/97]
2025-02-23 23:25:37: [embed_episodes] embedded episode 91521 with 124 steps [episode count 74/97]
2025-02-23 23:25:46: [embed_episodes] embedded episode 14724 with 162 steps [episode count 75/97]
2025-02-23 23:25:58: [embed_episodes] embedded episode 28554 with 126 steps [episode count 76/97]
2025-02-23 23:26:10: [embed_episodes] embedded episode 68508 with 94 steps [episode count 77/97]
2025-02-23 23:26:18: [embed_episodes] embedded episode 5021 with 88 steps [episode count 78/97]
2025-02-23 23:26:29: [embed_episodes] embedded episode 72608 with 127 steps [episode count 79/97]
2025-02-23 23:26:39: [embed_episodes] embedded episode 80293 with 217 steps [episode count 80/97]
2025-02-23 23:26:48: [embed_episodes] embedded episode 3496 with 105 steps [episode count 81/97]
2025-02-23 23:27:01: [embed_episodes] embedded episode 54184 with 159 steps [episode count 82/97]
2025-02-23 23:27:13: [embed_episodes] embedded episode 94645 with 116 steps [episode count 83/97]
2025-02-23 23:27:21: [embed_episodes] embedded episode 94649 with 87 steps [episode count 84/97]
2025-02-23 23:27:31: [embed_episodes] embedded episode 21948 with 242 steps [episode count 85/97]
2025-02-23 23:27:40: [embed_episodes] embedded episode 85951 with 121 steps [episode count 86/97]
2025-02-23 23:27:52: [embed_episodes] embedded episode 51655 with 100 steps [episode count 87/97]
2025-02-23 23:28:03: [embed_episodes] embedded episode 54231 with 117 steps [episode count 88/97]
2025-02-23 23:28:11: [embed_episodes] embedded episode 16344 with 108 steps [episode count 89/97]
2025-02-23 23:28:19: [embed_episodes] embedded episode 31706 with 81 steps [episode count 90/97]
2025-02-23 23:28:28: [embed_episodes] embedded episode 11227 with 97 steps [episode count 91/97]
2025-02-23 23:28:40: [embed_episodes] embedded episode 38881 with 137 steps [episode count 92/97]
2025-02-23 23:28:49: [embed_episodes] embedded episode 30182 with 97 steps [episode count 93/97]
2025-02-23 23:28:58: [embed_episodes] embedded episode 1003 with 103 steps [episode count 94/97]
2025-02-23 23:29:07: [embed_episodes] embedded episode 34296 with 98 steps [episode count 95/97]
2025-02-23 23:29:17: [embed_episodes] embedded episode 86010 with 103 steps [episode count 96/97]
2025-02-23 23:29:17: [embed_episodes] finished embedding all episodes for (5235850418, 'block') [chosen_id count 1/105]
2025-02-23 23:29:28: [embed_episodes] embedded episode 70659 with 150 steps [episode count 0/102]
2025-02-23 23:29:40: [embed_episodes] embedded episode 57863 with 110 steps [episode count 1/102]
2025-02-23 23:29:53: [embed_episodes] embedded episode 92176 with 153 steps [episode count 2/102]
2025-02-23 23:30:13: [embed_episodes] embedded episode 9761 with 160 steps [episode count 3/102]
2025-02-23 23:30:22: [embed_episodes] embedded episode 6691 with 119 steps [episode count 4/102]
2025-02-23 23:30:33: [embed_episodes] embedded episode 61484 with 128 steps [episode count 5/102]
2025-02-23 23:30:43: [embed_episodes] embedded episode 84018 with 110 steps [episode count 6/102]
