nohup: ignoring input
2025-02-23 22:55:54: got the info dicts: there are 36687 groupings

2025-02-23 22:55:54: number of groupings with atleast 50 episodes [in the first 95658 episodes]: 105

these groupings have chosen_id-->num_episodes as

 {(1297764552, 'bottle'): 53, (2515873443, 'cloth'): 50, (5235850418, 'drawer'): 612, (5879622450, 'block'): 108, (1431810548, 'lid'): 51, (3485794757, 'marker'): 97, (8756300955, 'block'): 117, (1180576306, 'cloth'): 60, (9154343709, 'drawer'): 96, (6498288010, 'bottle'): 138, (8911427557, 'bottle'): 50, (1058976383, 'drawer'): 148, (4045730075, 'lid'): 61, (1712293193, 'marker'): 163, (65137982, 'block'): 100, (4329524892, 'cup'): 166, (484659531, 'marker'): 96, (-1, 'marker'): 1032, (6078642573, 'marker'): 54, (452818143, 'lid'): 221, (1461982682, 'cloth'): 76, (5235850418, 'block'): 97, (7495112204, 'marker'): 102, (666854965, 'marker'): 68, (395700094, 'block'): 72, (3827924651, 'lid'): 67, (6612454114, 'block'): 65, (2782099537, 'marker'): 75, (8376714657, 'marker'): 464, (3452853472, 'drawer'): 91, (9306310171, 'marker'): 97, (3816161570, 'drawer'): 78, (5511329841, 'marker'): 59, (3951366978, 'cup'): 112, (1959308322, 'marker'): 65, (3163748394, 'cup'): 127, (7644292911, 'marker'): 50, (1775582436, 'marker'): 98, (4706041793, 'cloth'): 142, (2370783071, 'block'): 50, (9551783935, 'drawer'): 65, (2782099537, 'cup'): 153, (7489911085, 'cloth'): 179, (5576515039, 'marker'): 50, (4465064685, 'marker'): 198, (9186164821, 'bottle'): 57, (5207831207, 'cup'): 139, (3774560981, 'cloth'): 99, (4823049285, 'bottle'): 234, (9130122211, 'marker'): 159, (6313680013, 'cup'): 50, (9088223759, 'bottle'): 99, (8098563998, 'lid'): 73, (9505766118, 'drawer'): 108, (441689524, 'mug'): 77, (8150285641, 'marker'): 63, (8456936732, 'bottle'): 54, (446878712, 'marker'): 83, (6093644330, 'cloth'): 52, (4345518188, 'lid'): 89, (5024387521, 'marker'): 60, (6498288010, 'lid'): 96, (4823049285, 'block'): 174, (6667529842, 'lid'): 90, (5507987860, 'marker'): 100, (8898968162, 'block'): 58, (-1, 'mug'): 228, (9965421062, 'bottle'): 63, (6357288647, 'lid'): 71, (5701580274, 'marker'): 67, (1469427884, 'marker'): 63, (9933578360, 'drawer'): 53, (1498834123, 'cup'): 77, (440287856, 'drawer'): 75, (376702246, 'cup'): 53, (9883209091, 'mug'): 201, (9934859632, 'marker'): 62, (4312815282, 'marker'): 66, (-1, 'cup'): 113, (8922050678, 'lid'): 64, (2883696971, 'cup'): 69, (9209350647, 'drawer'): 76, (6655265581, 'cup'): 51, (4345518188, 'cloth'): 91, (4545879864, 'marker'): 51, (818725642, 'block'): 63, (3854327802, 'bottle'): 97, (3951366978, 'lid'): 72, (5059283044, 'drawer'): 113, (4846810092, 'cloth'): 93, (8690198922, 'marker'): 65, (1477699675, 'marker'): 89, (4400212150, 'marker'): 52, (1526685371, 'marker'): 62, (6074146895, 'lid'): 59, (8911427557, 'cup'): 112, (8702636502, 'lid'): 90, (8172596608, 'cup'): 51, (1575177183, 'marker'): 59, (5414640868, 'lid'): 56, (1477699675, 'mug'): 57, (9228483020, 'marker'): 80, (2927338332, 'cloth'): 51, (52817038, 'block'): 54, (8815207926, 'block'): 54}
Some kwargs in processor config are unused and will not have any effect: action_dim, time_horizon, min_token, scale, vocab_size. 
Some kwargs in processor config are unused and will not have any effect: action_dim, time_horizon, min_token, scale, vocab_size. 
2025-02-23 22:56:35: [embed_episodes] embedded episode 45057 with 200 steps [episode count 0/53]
2025-02-23 22:56:48: [embed_episodes] embedded episode 82562 with 204 steps [episode count 1/53]
2025-02-23 22:57:02: [embed_episodes] embedded episode 3 with 239 steps [episode count 2/53]
2025-02-23 22:57:14: [embed_episodes] embedded episode 2187 with 146 steps [episode count 3/53]
2025-02-23 22:57:28: [embed_episodes] embedded episode 85134 with 250 steps [episode count 4/53]
2025-02-23 22:57:40: [embed_episodes] embedded episode 79763 with 161 steps [episode count 5/53]
2025-02-23 22:57:55: [embed_episodes] embedded episode 40212 with 323 steps [episode count 6/53]
2025-02-23 22:58:09: [embed_episodes] embedded episode 95382 with 225 steps [episode count 7/53]
2025-02-23 22:58:25: [embed_episodes] embedded episode 10007 with 380 steps [episode count 8/53]
2025-02-23 22:58:39: [embed_episodes] embedded episode 40858 with 241 steps [episode count 9/53]
2025-02-23 22:58:52: [embed_episodes] embedded episode 81306 with 207 steps [episode count 10/53]
2025-02-23 22:59:05: [embed_episodes] embedded episode 7580 with 192 steps [episode count 11/53]
2025-02-23 22:59:17: [embed_episodes] embedded episode 75933 with 182 steps [episode count 12/53]
2025-02-23 22:59:30: [embed_episodes] embedded episode 67616 with 197 steps [episode count 13/53]
2025-02-23 22:59:45: [embed_episodes] embedded episode 39586 with 296 steps [episode count 14/53]
2025-02-23 22:59:58: [embed_episodes] embedded episode 83234 with 188 steps [episode count 15/53]
2025-02-23 23:00:12: [embed_episodes] embedded episode 23462 with 267 steps [episode count 16/53]
2025-02-23 23:00:26: [embed_episodes] embedded episode 90923 with 265 steps [episode count 17/53]
2025-02-23 23:00:38: [embed_episodes] embedded episode 28973 with 181 steps [episode count 18/53]
2025-02-23 23:00:52: [embed_episodes] embedded episode 32941 with 263 steps [episode count 19/53]
2025-02-23 23:01:01: [embed_episodes] embedded episode 2735 with 197 steps [episode count 20/53]
2025-02-23 23:01:15: [embed_episodes] embedded episode 42801 with 286 steps [episode count 21/53]
2025-02-23 23:01:28: [embed_episodes] embedded episode 92850 with 187 steps [episode count 22/53]
2025-02-23 23:01:54: [embed_episodes] embedded episode 89781 with 444 steps [episode count 23/53]
2025-02-23 23:02:07: [embed_episodes] embedded episode 23736 with 214 steps [episode count 24/53]
2025-02-23 23:02:23: [embed_episodes] embedded episode 57273 with 355 steps [episode count 25/53]
2025-02-23 23:02:37: [embed_episodes] embedded episode 61112 with 224 steps [episode count 26/53]
2025-02-23 23:02:51: [embed_episodes] embedded episode 93630 with 293 steps [episode count 27/53]
2025-02-23 23:03:03: [embed_episodes] embedded episode 60231 with 170 steps [episode count 28/53]
2025-02-23 23:03:18: [embed_episodes] embedded episode 95432 with 315 steps [episode count 29/53]
2025-02-23 23:03:32: [embed_episodes] embedded episode 74313 with 284 steps [episode count 30/53]
2025-02-23 23:03:42: [embed_episodes] embedded episode 2252 with 225 steps [episode count 31/53]
2025-02-23 23:03:52: [embed_episodes] embedded episode 49740 with 188 steps [episode count 32/53]
2025-02-23 23:04:06: [embed_episodes] embedded episode 65230 with 290 steps [episode count 33/53]
2025-02-23 23:04:19: [embed_episodes] embedded episode 65615 with 189 steps [episode count 34/53]
2025-02-23 23:04:31: [embed_episodes] embedded episode 47440 with 180 steps [episode count 35/53]
2025-02-23 23:04:44: [embed_episodes] embedded episode 15825 with 191 steps [episode count 36/53]
2025-02-23 23:04:57: [embed_episodes] embedded episode 13266 with 195 steps [episode count 37/53]
2025-02-23 23:05:10: [embed_episodes] embedded episode 95065 with 215 steps [episode count 38/53]
2025-02-23 23:05:23: [embed_episodes] embedded episode 39387 with 169 steps [episode count 39/53]
2025-02-23 23:05:36: [embed_episodes] embedded episode 15995 with 220 steps [episode count 40/53]
2025-02-23 23:05:49: [embed_episodes] embedded episode 35805 with 206 steps [episode count 41/53]
2025-02-23 23:06:03: [embed_episodes] embedded episode 75996 with 310 steps [episode count 42/53]
2025-02-23 23:06:15: [embed_episodes] embedded episode 58209 with 150 steps [episode count 43/53]
2025-02-23 23:06:28: [embed_episodes] embedded episode 51813 with 210 steps [episode count 44/53]
2025-02-23 23:06:42: [embed_episodes] embedded episode 3814 with 256 steps [episode count 45/53]
2025-02-23 23:06:55: [embed_episodes] embedded episode 84457 with 212 steps [episode count 46/53]
2025-02-23 23:07:07: [embed_episodes] embedded episode 83693 with 183 steps [episode count 47/53]
2025-02-23 23:07:21: [embed_episodes] embedded episode 23024 with 234 steps [episode count 48/53]
2025-02-23 23:07:33: [embed_episodes] embedded episode 9590 with 158 steps [episode count 49/53]
2025-02-23 23:07:48: [embed_episodes] embedded episode 35451 with 361 steps [episode count 50/53]
2025-02-23 23:08:04: [embed_episodes] embedded episode 77692 with 358 steps [episode count 51/53]
2025-02-23 23:08:18: [embed_episodes] embedded episode 58365 with 193 steps [episode count 52/53]
2025-02-23 23:08:18: [embed_episodes] finished embedding all episodes for (1297764552, 'bottle') [chosen_id count 0/105]
2025-02-23 23:08:33: [embed_episodes] embedded episode 64773 with 313 steps [episode count 0/50]
2025-02-23 23:08:49: [embed_episodes] embedded episode 59783 with 375 steps [episode count 1/50]
2025-02-23 23:09:05: [embed_episodes] embedded episode 62856 with 363 steps [episode count 2/50]
2025-02-23 23:09:27: [embed_episodes] embedded episode 69384 with 482 steps [episode count 3/50]
2025-02-23 23:09:44: [embed_episodes] embedded episode 90889 with 388 steps [episode count 4/50]
2025-02-23 23:10:06: [embed_episodes] embedded episode 93066 with 458 steps [episode count 5/50]
2025-02-23 23:10:28: [embed_episodes] embedded episode 13 with 429 steps [episode count 6/50]
2025-02-23 23:10:51: [embed_episodes] embedded episode 21525 with 496 steps [episode count 7/50]
2025-02-23 23:11:13: [embed_episodes] embedded episode 62747 with 449 steps [episode count 8/50]
2025-02-23 23:11:29: [embed_episodes] embedded episode 11933 with 348 steps [episode count 9/50]
2025-02-23 23:11:44: [embed_episodes] embedded episode 17054 with 328 steps [episode count 10/50]
2025-02-23 23:11:58: [embed_episodes] embedded episode 57373 with 304 steps [episode count 11/50]
2025-02-23 23:12:14: [embed_episodes] embedded episode 7712 with 354 steps [episode count 12/50]
2025-02-23 23:12:25: [embed_episodes] embedded episode 33315 with 267 steps [episode count 13/50]
2025-02-23 23:12:37: [embed_episodes] embedded episode 44963 with 375 steps [episode count 14/50]
2025-02-23 23:12:48: [embed_episodes] embedded episode 18213 with 293 steps [episode count 15/50]
2025-02-23 23:13:15: [embed_episodes] embedded episode 18469 with 619 steps [episode count 16/50]
2025-02-23 23:13:32: [embed_episodes] embedded episode 34343 with 344 steps [episode count 17/50]
2025-02-23 23:13:56: [embed_episodes] embedded episode 49832 with 491 steps [episode count 18/50]
2025-02-23 23:14:21: [embed_episodes] embedded episode 40490 with 532 steps [episode count 19/50]
2025-02-23 23:14:33: [embed_episodes] embedded episode 63799 with 363 steps [episode count 20/50]
2025-02-23 23:14:52: [embed_episodes] embedded episode 60349 with 392 steps [episode count 21/50]
2025-02-23 23:15:11: [embed_episodes] embedded episode 1345 with 341 steps [episode count 22/50]
2025-02-23 23:15:27: [embed_episodes] embedded episode 16454 with 264 steps [episode count 23/50]
2025-02-23 23:15:44: [embed_episodes] embedded episode 4679 with 306 steps [episode count 24/50]
2025-02-23 23:15:58: [embed_episodes] embedded episode 42953 with 344 steps [episode count 25/50]
2025-02-23 23:16:13: [embed_episodes] embedded episode 46414 with 320 steps [episode count 26/50]
2025-02-23 23:16:34: [embed_episodes] embedded episode 40143 with 437 steps [episode count 27/50]
2025-02-23 23:16:48: [embed_episodes] embedded episode 19922 with 272 steps [episode count 28/50]
2025-02-23 23:17:16: [embed_episodes] embedded episode 65273 with 455 steps [episode count 29/50]
2025-02-23 23:17:31: [embed_episodes] embedded episode 92118 with 359 steps [episode count 30/50]
2025-02-23 23:17:53: [embed_episodes] embedded episode 71127 with 450 steps [episode count 31/50]
2025-02-23 23:18:08: [embed_episodes] embedded episode 59227 with 336 steps [episode count 32/50]
2025-02-23 23:18:30: [embed_episodes] embedded episode 32092 with 430 steps [episode count 33/50]
2025-02-23 23:18:55: [embed_episodes] embedded episode 64735 with 443 steps [episode count 34/50]
2025-02-23 23:19:09: [embed_episodes] embedded episode 57185 with 293 steps [episode count 35/50]
2025-02-23 23:19:26: [embed_episodes] embedded episode 6117 with 287 steps [episode count 36/50]
2025-02-23 23:19:53: [embed_episodes] embedded episode 19942 with 436 steps [episode count 37/50]
2025-02-23 23:20:10: [embed_episodes] embedded episode 23911 with 302 steps [episode count 38/50]
2025-02-23 23:20:30: [embed_episodes] embedded episode 41960 with 321 steps [episode count 39/50]
2025-02-23 23:20:56: [embed_episodes] embedded episode 81129 with 439 steps [episode count 40/50]
2025-02-23 23:21:24: [embed_episodes] embedded episode 95338 with 411 steps [episode count 41/50]
2025-02-23 23:21:52: [embed_episodes] embedded episode 46444 with 410 steps [episode count 42/50]
2025-02-23 23:22:06: [embed_episodes] embedded episode 44014 with 306 steps [episode count 43/50]
2025-02-23 23:22:25: [embed_episodes] embedded episode 92526 with 319 steps [episode count 44/50]
2025-02-23 23:22:50: [embed_episodes] embedded episode 63990 with 449 steps [episode count 45/50]
2025-02-23 23:23:07: [embed_episodes] embedded episode 82168 with 289 steps [episode count 46/50]
2025-02-23 23:23:34: [embed_episodes] embedded episode 13433 with 473 steps [episode count 47/50]
2025-02-23 23:24:09: [embed_episodes] embedded episode 8317 with 404 steps [episode count 48/50]
2025-02-23 23:24:30: [embed_episodes] embedded episode 43518 with 346 steps [episode count 49/50]
2025-02-23 23:24:30: [embed_episodes] finished embedding all episodes for (2515873443, 'cloth') [chosen_id count 1/105]
2025-02-23 23:24:42: [embed_episodes] embedded episode 57354 with 101 steps [episode count 0/612]
2025-02-23 23:24:51: [embed_episodes] embedded episode 59403 with 68 steps [episode count 1/612]
2025-02-23 23:25:04: [embed_episodes] embedded episode 73740 with 208 steps [episode count 2/612]
2025-02-23 23:25:12: [embed_episodes] embedded episode 83978 with 101 steps [episode count 3/612]
2025-02-23 23:25:25: [embed_episodes] embedded episode 16 with 126 steps [episode count 4/612]
2025-02-23 23:25:36: [embed_episodes] embedded episode 28689 with 63 steps [episode count 5/612]
2025-02-23 23:25:51: [embed_episodes] embedded episode 77842 with 162 steps [episode count 6/612]
2025-02-23 23:26:03: [embed_episodes] embedded episode 94234 with 69 steps [episode count 7/612]
2025-02-23 23:26:16: [embed_episodes] embedded episode 20511 with 84 steps [episode count 8/612]
2025-02-23 23:26:25: [embed_episodes] embedded episode 55330 with 101 steps [episode count 9/612]
2025-02-23 23:26:37: [embed_episodes] embedded episode 14371 with 81 steps [episode count 10/612]
2025-02-23 23:26:47: [embed_episodes] embedded episode 18467 with 146 steps [episode count 11/612]
2025-02-23 23:27:04: [embed_episodes] embedded episode 90158 with 300 steps [episode count 12/612]
2025-02-23 23:27:18: [embed_episodes] embedded episode 94255 with 177 steps [episode count 13/612]
2025-02-23 23:27:31: [embed_episodes] embedded episode 20529 with 124 steps [episode count 14/612]
2025-02-23 23:27:40: [embed_episodes] embedded episode 57393 with 91 steps [episode count 15/612]
2025-02-23 23:27:47: [embed_episodes] embedded episode 4151 with 58 steps [episode count 16/612]
2025-02-23 23:28:00: [embed_episodes] embedded episode 90170 with 105 steps [episode count 17/612]
2025-02-23 23:28:15: [embed_episodes] embedded episode 4155 with 226 steps [episode count 18/612]
2025-02-23 23:28:27: [embed_episodes] embedded episode 10302 with 89 steps [episode count 19/612]
2025-02-23 23:28:36: [embed_episodes] embedded episode 22594 with 73 steps [episode count 20/612]
2025-02-23 23:28:50: [embed_episodes] embedded episode 65602 with 202 steps [episode count 21/612]
2025-02-23 23:28:59: [embed_episodes] embedded episode 30790 with 101 steps [episode count 22/612]
2025-02-23 23:29:13: [embed_episodes] embedded episode 20552 with 108 steps [episode count 23/612]
2025-02-23 23:29:26: [embed_episodes] embedded episode 26697 with 88 steps [episode count 24/612]
2025-02-23 23:29:35: [embed_episodes] embedded episode 49224 with 81 steps [episode count 25/612]
2025-02-23 23:29:46: [embed_episodes] embedded episode 94281 with 70 steps [episode count 26/612]
2025-02-23 23:30:11: [embed_episodes] embedded episode 26707 with 93 steps [episode count 27/612]
2025-02-23 23:30:29: [embed_episodes] embedded episode 75864 with 312 steps [episode count 28/612]
2025-02-23 23:30:41: [embed_episodes] embedded episode 4186 with 67 steps [episode count 29/612]
