2025-02-14 21:51:37.872530: I tensorflow/core/util/port.cc:153] oneDNN custom operations are on. You may see slightly different numerical results due to floating-point round-off errors from different computation orders. To turn them off, set the environment variable `TF_ENABLE_ONEDNN_OPTS=0`.
2025-02-14 21:51:37.893731: E external/local_xla/xla/stream_executor/cuda/cuda_fft.cc:477] Unable to register cuFFT factory: Attempting to register factory for plugin cuFFT when one has already been registered
WARNING: All log messages before absl::InitializeLog() is called are written to STDERR
E0000 00:00:1739587897.918224  161727 cuda_dnn.cc:8310] Unable to register cuDNN factory: Attempting to register factory for plugin cuDNN when one has already been registered
E0000 00:00:1739587897.926090  161727 cuda_blas.cc:1418] Unable to register cuBLAS factory: Attempting to register factory for plugin cuBLAS when one has already been registered
2025-02-14 21:51:37.951048: I tensorflow/core/platform/cpu_feature_guard.cc:210] This TensorFlow binary is optimized to use available CPU instructions in performance-critical operations.
To enable the following instructions: AVX2 AVX512F AVX512_VNNI FMA, in other operations, rebuild TensorFlow with the appropriate compiler flags.
I0000 00:00:1739587900.702998  161727 gpu_device.cc:2022] Created device /job:localhost/replica:0/task:0/device:GPU:0 with 66210 MB memory:  -> device: 0, name: NVIDIA A100 80GB PCIe, pci bus id: 0000:4f:00.0, compute capability: 8.0

total: 92233

2025-02-14 21:51:40.950042: I tensorflow/core/kernels/data/tf_record_dataset_op.cc:376] The default buffer size is 262144, which is overridden by the user specified `buffer_size` of 8388608
time: 2025-02-14 21:51:41, analyzing 0 / 92233
time: 2025-02-14 21:53:19, analyzing 922 / 92233
time: 2025-02-14 21:54:31, analyzing 1844 / 92233
time: 2025-02-14 21:55:44, analyzing 2766 / 92233
time: 2025-02-14 21:56:53, analyzing 3688 / 92233
time: 2025-02-14 21:58:03, analyzing 4610 / 92233
time: 2025-02-14 21:59:13, analyzing 5532 / 92233
time: 2025-02-14 22:00:23, analyzing 6454 / 92233
time: 2025-02-14 22:01:35, analyzing 7376 / 92233
time: 2025-02-14 22:02:44, analyzing 8298 / 92233
time: 2025-02-14 22:03:54, analyzing 9220 / 92233
time: 2025-02-14 22:05:02, analyzing 10142 / 92233
time: 2025-02-14 22:06:11, analyzing 11064 / 92233
time: 2025-02-14 22:07:20, analyzing 11986 / 92233
time: 2025-02-14 22:08:31, analyzing 12908 / 92233
time: 2025-02-14 22:09:43, analyzing 13830 / 92233
time: 2025-02-14 22:10:58, analyzing 14752 / 92233
time: 2025-02-14 22:12:11, analyzing 15674 / 92233
time: 2025-02-14 22:13:25, analyzing 16596 / 92233
time: 2025-02-14 22:14:38, analyzing 17518 / 92233
time: 2025-02-14 22:15:59, analyzing 18440 / 92233
time: 2025-02-14 22:17:14, analyzing 19362 / 92233
time: 2025-02-14 22:18:28, analyzing 20284 / 92233
time: 2025-02-14 22:19:46, analyzing 21206 / 92233
time: 2025-02-14 22:21:00, analyzing 22128 / 92233
time: 2025-02-14 22:22:13, analyzing 23050 / 92233
time: 2025-02-14 22:23:28, analyzing 23972 / 92233
time: 2025-02-14 22:24:42, analyzing 24894 / 92233
time: 2025-02-14 22:25:59, analyzing 25816 / 92233
time: 2025-02-14 22:27:18, analyzing 26738 / 92233
time: 2025-02-14 22:28:37, analyzing 27660 / 92233
time: 2025-02-14 22:29:52, analyzing 28582 / 92233
time: 2025-02-14 22:31:07, analyzing 29504 / 92233
time: 2025-02-14 22:32:29, analyzing 30426 / 92233
time: 2025-02-14 22:33:51, analyzing 31348 / 92233
time: 2025-02-14 22:35:07, analyzing 32270 / 92233
time: 2025-02-14 22:36:21, analyzing 33192 / 92233
time: 2025-02-14 22:37:35, analyzing 34114 / 92233
time: 2025-02-14 22:38:56, analyzing 35036 / 92233
time: 2025-02-14 22:40:16, analyzing 35958 / 92233
time: 2025-02-14 22:41:37, analyzing 36880 / 92233
time: 2025-02-14 22:42:58, analyzing 37802 / 92233
time: 2025-02-14 22:44:16, analyzing 38724 / 92233
time: 2025-02-14 22:45:35, analyzing 39646 / 92233
time: 2025-02-14 22:46:54, analyzing 40568 / 92233
time: 2025-02-14 22:48:13, analyzing 41490 / 92233
time: 2025-02-14 22:49:29, analyzing 42412 / 92233
time: 2025-02-14 22:50:47, analyzing 43334 / 92233
time: 2025-02-14 22:52:03, analyzing 44256 / 92233
time: 2025-02-14 22:53:18, analyzing 45178 / 92233
time: 2025-02-14 22:54:33, analyzing 46100 / 92233
time: 2025-02-14 22:55:53, analyzing 47022 / 92233
time: 2025-02-14 22:57:12, analyzing 47944 / 92233
time: 2025-02-14 22:58:29, analyzing 48866 / 92233
time: 2025-02-14 22:59:47, analyzing 49788 / 92233
time: 2025-02-14 23:01:07, analyzing 50710 / 92233
time: 2025-02-14 23:02:25, analyzing 51632 / 92233
time: 2025-02-14 23:03:43, analyzing 52554 / 92233
time: 2025-02-14 23:05:01, analyzing 53476 / 92233
time: 2025-02-14 23:06:18, analyzing 54398 / 92233
time: 2025-02-14 23:07:36, analyzing 55320 / 92233
time: 2025-02-14 23:08:57, analyzing 56242 / 92233
time: 2025-02-14 23:10:16, analyzing 57164 / 92233
time: 2025-02-14 23:11:35, analyzing 58086 / 92233
time: 2025-02-14 23:12:53, analyzing 59008 / 92233
time: 2025-02-14 23:14:11, analyzing 59930 / 92233
time: 2025-02-14 23:15:27, analyzing 60852 / 92233
time: 2025-02-14 23:16:46, analyzing 61774 / 92233
time: 2025-02-14 23:18:05, analyzing 62696 / 92233
time: 2025-02-14 23:19:24, analyzing 63618 / 92233
time: 2025-02-14 23:20:42, analyzing 64540 / 92233
time: 2025-02-14 23:22:01, analyzing 65462 / 92233
time: 2025-02-14 23:23:20, analyzing 66384 / 92233
time: 2025-02-14 23:24:38, analyzing 67306 / 92233
time: 2025-02-14 23:25:57, analyzing 68228 / 92233
time: 2025-02-14 23:27:14, analyzing 69150 / 92233
time: 2025-02-14 23:28:32, analyzing 70072 / 92233
time: 2025-02-14 23:29:51, analyzing 70994 / 92233
time: 2025-02-14 23:31:12, analyzing 71916 / 92233
time: 2025-02-14 23:32:33, analyzing 72838 / 92233
time: 2025-02-14 23:33:54, analyzing 73760 / 92233
time: 2025-02-14 23:35:12, analyzing 74682 / 92233
time: 2025-02-14 23:36:30, analyzing 75604 / 92233
time: 2025-02-14 23:37:50, analyzing 76526 / 92233
time: 2025-02-14 23:39:12, analyzing 77448 / 92233
time: 2025-02-14 23:40:32, analyzing 78370 / 92233
time: 2025-02-14 23:41:53, analyzing 79292 / 92233
time: 2025-02-14 23:43:14, analyzing 80214 / 92233
time: 2025-02-14 23:44:35, analyzing 81136 / 92233
time: 2025-02-14 23:45:56, analyzing 82058 / 92233
time: 2025-02-14 23:47:17, analyzing 82980 / 92233
time: 2025-02-14 23:48:36, analyzing 83902 / 92233
time: 2025-02-14 23:49:54, analyzing 84824 / 92233
time: 2025-02-14 23:51:11, analyzing 85746 / 92233
time: 2025-02-14 23:52:28, analyzing 86668 / 92233
time: 2025-02-14 23:53:46, analyzing 87590 / 92233
time: 2025-02-14 23:55:03, analyzing 88512 / 92233
time: 2025-02-14 23:56:22, analyzing 89434 / 92233
time: 2025-02-14 23:57:39, analyzing 90356 / 92233
time: 2025-02-14 23:58:56, analyzing 91278 / 92233
time: 2025-02-15 00:00:17, analyzing 92200 / 92233
2025-02-15 00:00:20.296269: I tensorflow/core/framework/local_rendezvous.cc:405] Local rendezvous is aborting with status: OUT_OF_RANGE: End of sequence
dict_keys(['action', 'action_dict', 'discount', 'is_first', 'is_last', 'is_terminal', 'language_instruction', 'language_instruction_2', 'language_instruction_3', 'observation', 'reward'])
tf.Tensor(b'', shape=(), dtype=string)
tf.Tensor(b'', shape=(), dtype=string)
tf.Tensor(b'', shape=(), dtype=string)
dict_keys(['cartesian_position', 'exterior_image_1_left', 'exterior_image_2_left', 'gripper_position', 'joint_position', 'wrist_image_left'])
(180, 320, 3)
(180, 320, 3)
(180, 320, 3)
(6,)
(1,)
(7,)
dict_keys(['cartesian_position', 'cartesian_velocity', 'gripper_position', 'gripper_velocity', 'joint_position', 'joint_velocity'])
(6,)
(6,)
(1,)
(1,)
(7,)
(7,)
