nohup: ignoring input
lang instructions of episode 26: Move the bottle brush up and down repeatedly in the thermos flask, Use the brush to clean the inside of the silver flask, Use the sponge to scrub inside the thermos
lang instructions of episode 241: Attach the electric toothbrush to its charging port, Pick up the electric toothbrush and move it to the left., Move the toothbrush to the left side of the sink counter
lang instructions of episode 271: Sweep the candy to the left using the white and black brush, Use the brush to move the sweets away from the edge of the table, Use the brush and sweep the objects on the right of the table
lang instructions of episode 429: Put the blue object inside the plastic cup, Put the brush in the clear cup on the left., Put the brush in the clear cup.
lang instructions of episode 988: Use the object in the flask to clean it, Move the bottle brush up and down repeatedly in the flask, Scrub inside the flask with the brush
lang instructions of episode 1240: Scrub the inside of the flask using the brush, Clean the bottle, Scrub the jar with the object
lang instructions of episode 1413: Pick up the brush then place it on the table., Pick up the white object, Put the brush on the table
lang instructions of episode 1434: Use the brush and sweep the white objects on the table, Sweep the white stuff to the right, Use the small broom to sweep the white objects on the table
lang instructions of episode 1950: Use the brush to scrub inside the jar, Move the brush up and down in the bottle, Clean the flask
lang instructions of episode 1987: Pick up the small brush from the glass cup and put it on the table., Remove the marker from the glass, Remove the object from the cup and put it on the table
lang instructions of episode 2042: Use the brush to sweep the white objects on the table, Use the brush to push the white objects to the right end of the table, Use the brush to move the objects to the right side of the table
lang instructions of episode 2058: Hold the white rod and stir in the silver cup., Use the white object to stir the contents in the flusk, Scrub the inside of the flask with the brush
lang instructions of episode 2166: Put the electric toothbrush to charge, Place the electric toothbrush on the charging base, Put the electric toothbrush on its charger
lang instructions of episode 2484: Turn the faucet handle upwards pick up the toothbrush wash it and then place it in the cup afterward turn the faucet handle downwards, Turn the faucet upwards, then pick up the toothbrush and wash it on the water and put it in the cup, then turn the faucet downwards, Open the tap and wet the toothbrush
lang instructions of episode 2809: Use the brush to clean the insides of the silver bottle, Move the brush inside the silver flask up and down., Clean the flask
lang instructions of episode 2961: Put the hand broom on the dustpan, Put the brush on the dustpan., Place the hand broom on the dustpan
lang instructions of episode 3359: Put the blue brush on the table in the flask, move the brush up and down four times, remove the brush and put it on the table, Put the blue and white brush in the silver flask, move the brush up and down five times, remove the brush from the flask, Take the bottle brush, put it in the flask, move it up and down in the flask, then put it on the table
lang instructions of episode 3403: Stir the contents in the flusk., Clean the flask, Move the brush inside the flask up and down
lang instructions of episode 3456: Stir in the silver cup using the white rod., Clean the bottle, Use the brush to scrub inside the flask
lang instructions of episode 3587: Remove the plastic bag from the shelf on the left and put it in the open drawer, Put the purple thing into the drawer, Put the brush inside the drawer
lang instructions of episode 3765: Pick up the blue toothbrush from the counter and put it inside the silver cup, Pick the toothbrush and put it in the cup, Put the toothbrush in the silver cup
lang instructions of episode 3941: Move the faucet handle upwards and pick up the toothbrush and wash it, Push the faucet handle upwards, pick up the toothbrush and place it under the running faucet, set the toothbrush down on the counter, Open the tap, pick up the toothbrush and wash it
lang instructions of episode 4245: Use the brush to scrub the inside of the jar, Use the brush to scrub the jar, Use the white and blue thing to clean the bottle
lang instructions of episode 4380: Use the white and green brush to scrub the wooden board, Use the brush to clean the top of the wooden board, Use the brush to clean the board
lang instructions of episode 5244: Pour the things in the bowl onto the table and then sweep them to the left, Pour the white objects in the blue bowl on the table, use the white brush to sweep the white objects on the table, Pour the things in the bowl onto the table and then use the broom to sweep them to the left
lang instructions of episode 5719: Use the the brush to scrub inside the jar, Move the bottle brush up and down repeatedly in the thermos flask, Use the brush to scrub inside the jar
lang instructions of episode 5932: Move the paint brush to the left, Move the broom to the left, Move the brush to the left
lang instructions of episode 6144: Use the brush to clean the top of the stove, Use the white brush to brush the top part of the stove, Pick up the brush, then use it to clean the top part of the stove
lang instructions of episode 6256: Remove the blue toothbrush from the silver cup and place it on the right side of the counter, pick up the toothbrush and place it under the running water, put the toothbrush back on the right side of the counter, close the faucet, Wet the toothbrush and then set it down on the right side of the sink counter, Remove the blue toothbrush from the silver cup and put it on the right side of the counter, place the toothbrush and the open faucet, put the tooth brush down on the right side of the counter then close the faucet
lang instructions of episode 6302: Use the brush to clean the door of the microwave, Use the brush to clean the door of the microwave, Use the brush to scrub the door of the microwave
lang instructions of episode 6983: Put the white brush inside the pot, Pick up the scrubbing brush and place it in the pot, Put the white brush in the pot.
lang instructions of episode 7291: Move the brush inside the silver flask up and down, Use the brush to scrub the silver bottle, Use the brush to clean the inside of the silver bottle
lang instructions of episode 7368: Rub the brush over the white object, Use the brush to clean the plate, Use the brush to scrub one white plate on the right.
lang instructions of episode 7559: Pick up the electric toothbrush box from the open top drawer and put it on the counter, Remove the box from the open drawer, Remove the box from the open drawer and put it in the middle of the counter.
lang instructions of episode 7967: Put the toothbrush in the metal cup, Put the toothbrush in the silver cup, Pick up the toothbrush and put it in the toothbrush holder
lang instructions of episode 7970: Take the toothbrush from the cup and put it on the counter, then pick the toothpaste and put it in the cup, Remove the toothbrush from the silver cup and put the tube inside it, Pick up the toothbrush from the cup and put it on the counter, then pick up the the toothpaste from the counter and put it in the cup
lang instructions of episode 8125: Remove the brush from the black mug., Take the paper out of the cup, Remove the scrubbing brush out of the cup
lang instructions of episode 8360: Pick up the brush from the table and put it in the cup., Put the marker on the table in the mug, Pick up the marker and put it in the cup
lang instructions of episode 8666: Sweep the table using the brush and dustpan, Use the brush to move the white powder to the left, Use the hand broom to brush the white objects onto the dustpan
lang instructions of episode 8784: Remove the brush that is in the blue cup which is on the blue saucer plate and put it in the dish drying rack, Remove the blue brush from the blue cup and put it in the drying rack, Put the blue spoon in the dish rack
lang instructions of episode 8799: Remove the blue object from the bottom shelf, put it in the drawer and then close the drawer, Remove the blue sponge from the open upper cabinet and place it inside the open drawer, close the drawer then close the upper cabinet door, Pick up the brush from the open cabinet, put the brush in the open drawer and close it, and then close the cabinet
lang instructions of episode 9000: Move the brush inside the flask up and down, Move the brush inside the silver flask up and down, Use the white object in the silver flask to clean the inside of the flask
lang instructions of episode 9485: Push the faucet handle upwards to open the faucet, put the toothbrush under the running water, Push the faucet handle upwards, place the tooth brush in the sink, push the faucet handle down, Open the faucet, put the shaving stick in the sink then close the faucet
lang instructions of episode 9587: Put the flask inside the flask and use it to scrub the inside, Put the white object inside the silver flask then use it to stir the flusk, Use the brush to clean the inside of the bottle
lang instructions of episode 9847: Put the toothbrush in the holder., Pick up the toothbrush and put it in the toothbrush holder, Put the toothbrush inside the grey container
lang instructions of episode 9921: Use the brush to scrub the surface, then move the brush to the right, Use the white brush to brush the table then move the brush to the right., move the object from one position on the table to another
lang instructions of episode 10163: Pick up the green and white brush and put it on the brown board, pick up the green and white brush and scrub the brown board, put the green and white brush on the brown board, Pick up the brush and use it to brush on the wooden board, Move the brush to the left then brush the chopping board with it
lang instructions of episode 10343: Move the mug forward then put the marker inside the mug, Slightly move the cup then pick the pen and put it in the cup, Move the white mug forward, pick up the paint brush and put it in the mug
lang instructions of episode 10454: Pick up the green and white brush and put it on the brown object on the table, Put the white and green brush on the wooden board., Put one brush on the board
lang instructions of episode 10633: Use the pen to stir the contents of the mug, pour the contents of the mug on the table, then sweep them, Use the pen to stir the contents of the mug, spill them on the table, then sweep them together using the brush, Use the blue pen on the table to stir the contents of the mug. pour out the contents in the mug on the table, use the white brush to sweep the contents on the table
lang instructions of episode 10813: Take the toothbrush from the cup and put it on the counter, Take the toothbrush out of the silver cup and place it on the right side of the countertop, Pick the toothbrush in the cup and put it on the counter
lang instructions of episode 10894: Pick up the white and green brush from the table and hang it on the wall, Hang the white brush on the top left hook, Hang the white and green brush above the counter
lang instructions of episode 10920: Use the brush to sweep the contents on the table, Move the brush to the right then use it to scrub the right side of the counter., Turn the brush upright, then use it to move the brown object forward
lang instructions of episode 10961: Take the white stand and put it in the black bin, Place the brush in the black bin, Put the chopper in the black bin
lang instructions of episode 11453: Run water over the toothbrush, close the tap, then move the cup to the left of tap, Take the blue toothbrush from the silver cup and wet it with the running water then put it back in the cup then close the tap then move the silver cup to the left side of the tap, Remove the blue toothbrush from the silver cup and place it under the running water, return the toothbrush to the silver cup then close the faucet
lang instructions of episode 11991: Slide the blue and white brush a little backwards, pick up the blue and white brush and place it standing the right way up on the washing machine, Put the brush upright, Make the hand broom stand on its bristles
lang instructions of episode 12001: Remove the brush from the grey bowl and put it on the table, Remove the white and green brush from the grey bowl and put it on the right side of the table, Move the green packet from the blue bowl to the table
lang instructions of episode 12384: Use the brush to wipe the top of the machine, Sweep the top of the dishwasher, Hold the brush, then sweep the top of the washing machine
lang instructions of episode 12442: Put the orange screwdriver inside the black bowl, Put the screwdriver into the black object, move the object from the counter and place it in the box next to the brush
lang instructions of episode 12631: Remove the white brush from on top of the potholder on the pot and put it on the stove, Pick up the brush from the black pot and place it on the middle of the stove on the white surface, Remove the brush from the pot
lang instructions of episode 12975: Pick up the toothbrush from the silver cup and put it on the countertop, Pick up the toothbrush from the silver cup and put it on the countertop., Remove the toothbrush from the cup
lang instructions of episode 12984: Put the brush in the mug., Put the brush inside the mug, Put the brush in the mug.
lang instructions of episode 13746: Use the brush to clean the wall cabinet, Use the black and white brush to scrub the upper cabinet then set it back down on the countertop., Pick up the brush and clean the top cabinet
lang instructions of episode 13771: Pick up the toothbrush and put it in the silver object, Put the toothbrush in the silver cup, Pick up the toothbrush and put it in the toothbrush holder
lang instructions of episode 13840: Use the brush to scrub the top of the washing machine., Brush the top of the washing machine with the brush, Use the white and green brush to scrub the top of the washing machine.
lang instructions of episode 13922: Move the bottle brush up and down repeatedly in the flask, Use the white object in the silver flask to clean the inside of the flask, Scrub the inside of the flask with the brush
lang instructions of episode 14063: Turn the hand broom over and make it stand on its bristles, Place the green brush upright., Turn the broom so that its resting on its bristles
lang instructions of episode 14889: Put the brush in the pan., Transfer the brush from the pot to the pan, Put the brush in the pan.
lang instructions of episode 15197: Uncover the right bottom right corner of bed by moving the duvet to the left, pick up the rolling brush and move it slightly to the right, Uncover the blanket to the right corner, Pull up the covers on the bottom left corner of the bed then place the lint roller on the bed sheet
lang instructions of episode 15615: Put the brush on the cup, Hang the brush handle on the edge of the cup, Hang the brush on the side of the mug.
lang instructions of episode 15746: Close the faucet, move the cup to the right of the counter, then pick the toothbrush and put it in the cup, Close the tap, then move the cup to the right and put the toothbrush in the cup, Close the tap, move the metal cup to the right side of the sink counter, and then put the toothbrush in the cup
lang instructions of episode 16555: Take the toothbrush out of the silver cup, Remove the toothbrush from the silver cup, Remove the toothbrush from the silver cup
lang instructions of episode 17350: Use the comb brush to brush the blanket, Use the comb brush to brush the blanket, Pick up the sweeping roller brush and use it to brush the duvet on the bed
lang instructions of episode 17464: Pick up the small brush from the table and put it in the mug cup., Pick up the pen from the table and put it in the cup., Put the marker inside the mug cup
lang instructions of episode 18454: Hang the small brush on the top rack, Hang the brush on the shelf, Pick up the hand broom and hook it to the hooks
lang instructions of episode 18529: Pick the toothbrush and put it in the cup, Pick up the toothbrush from the right side of the counter and place it inside the silver cup, Pick the toothbrush and put it in the cup
lang instructions of episode 18838: Pull the rolling brush backward on the bed, Move the lint roller in front of the gray basket on the bed, Move the lint roller forward
lang instructions of episode 18967: Move the brush from the wooden bowl and put it on the table, Pick up the white brush from the wooden bowl and place it on the gray mat on the table, Remove the brush out of the brown bowl
lang instructions of episode 19074: Pick the toothbrush on the counter and put it in the cup, Put the toothbrush in the silver cup, Pick the toothbrush and put it in the cup
lang instructions of episode 19261: Put the brush in the black cup, Put the white brush in the black cup, Put the scrubbing brush in the black cup
lang instructions of episode 19525: Use the brush to sweep the candy on the table, Use the broom to sweep the sweets to the right, Pick up the brush and sweep the candy on the table
lang instructions of episode 19691: Move the shaving sick to the right side of the sink counter, Move the black object to the right side of the counter, Move the toothbrush to the right
lang instructions of episode 19808: Remove the folk from the orange cup and put it in the blue cup, Move the brush from the orange cup in the sink to the blue cup on the sink, Pick up the blue brush from the orange mug and put it in the blue mug
lang instructions of episode 19958: Slide the black and white brush to the left, Move the broom to the left, Slide the broom to the left
lang instructions of episode 20165: Pick up the brush and put it on the box plush toy, Put the orange object over the toy square, Pick orange and white object and put it on top of the box
lang instructions of episode 20449: Move the white shaker to the counter, Put the brush on the counter top, Put the item in the bowl on the table
lang instructions of episode 20973: Hang the brush on the shelf, Hang the brush on the shelf, Hang the brush on the wall hook
lang instructions of episode 21106: Pick up the green object from the shoe rack and put it inside the mug on the table, Pick up the green object from the shoe rack and put it inside the mug on the table, Place the toothbrush package in the cup
lang instructions of episode 21258: Move the toy brush to the right slot on the toy sink, Move the hairbrush from the left to the right side of the sink, Move the hairbrush from the left to the right side of the sink
lang instructions of episode 21528: Pick up the small brush from the cup and put it on the table., Take the black marker out of the mug, Pick up the brush from the mug cup and put it on the table.
lang instructions of episode 21715: Put the scrubbing brush upright, Set the brush the right side up, Correctly position the brush
lang instructions of episode 21775: Remove the toothbrush from the toothbrush holder and put it on the base top to the right side, Pick up the toothbrush from the toothbrush holder and put it on the base top to the right, Move the toothbrush to the right
lang instructions of episode 22470: Put the blue brush in the orange cup with a handle in the sink, Put the brush in the orange mug, Put the blue brush in the orange mug
lang instructions of episode 23278: Place the towel over the torch then lift the towel and torch twice., Put the white towel on top of the silver object, pick up the white towel and silver object together then put them back on the table, pick up the white towel and silver object and move them a little to the right, Place the white towel over the brush then lift up the towel and brush twice.
lang instructions of episode 24228: Move the bottle brush up and down repeatedly in the thermos flask, Use the brush to scrub inside the flask, Use the bottle brush to clean inside the flask
lang instructions of episode 24267: Move the toilet plunger up and down in the toilet, Push the plunger up and down, Take the brush and clean the toilet
lang instructions of episode 24328: Turn the box over, Turn the blue box in the drawer over, Flip the electric toothbrush package in the left opened drawer clockwise to make it face down
lang instructions of episode 24348: Put the small brush on the table, Put the brush on the table, Put the brush on the table
lang instructions of episode 24384: Pick up the orange bowl from the bed and put it in the basket, Put the orange bowl in the basket, Pick up the pink bowl near the rolling brush and put it in the basket
lang instructions of episode 24636: Brush the top of the stove., Use the white brush to scrub the top part of the stove, Brush the top of the stove.
lang instructions of episode 24697: Wet the toothbrush with water, put it back on the counter, move the toothpaste forward then close the tap, Wet the toothbrush with water, put it back on the counter, move the toothpaste forward then close the tap, Pick up the toothbrush and put it under the faucet and put it back on the counter. Pick up the toothpaste and move to forward.
lang instructions of episode 24885: Scrub the inside of the flask with the brush, Use the bottle brush to clean the thermos flask, Use the brush to scrub inside the jar
lang instructions of episode 25435: Take the toothbrush from the cup and put it on the counter, Pick the toothbrush and place it on the counter, Put the toothbrush on the countertop
lang instructions of episode 26122: Open the left door of the top cabinet then pick up the blush and put it in the cabinet, Pick up the brush from the counter and place it in the open upper cabinet., Open the left cabinet door
lang instructions of episode 26287: Move the bottle brush up and down twice in the thermos flask, Use the brush to scrub inside the flask, Scrub the inside of the flask with a brush
lang instructions of episode 26422: Use the brush to scrub inside the jar, Use the object to scrub inside the jar, Use the brush to scrub the inside of the flask
lang instructions of episode 26529: Pick up the brush and sweep away the items on the table, Use the brush to move the white objects to the left, Pick up the brush and sweep away the items on the table
lang instructions of episode 26672: Move the brush inside the flask up and down, Scrub the inside of the flask with the brush, Use the object in the silver container to stir in the container
lang instructions of episode 26924: Use the white brush to sweep the white particles to the left, Use the white brush to push the popcorn to the left, Use the white brush to sweep the white particles to the left
lang instructions of episode 26942: Pick up the white brush from the pan and place it onto the black oven mitts on the black pot, Remove the brush from the pan and put it on top of the pot, Take the brush off of the pan and put on top of the pot
lang instructions of episode 27000: Take the toothbrush out of the silver cup, Remove the toothbrush out of the cup, Get the toothbrush from the cup and place it on the countertop
lang instructions of episode 28051: Scrub the inside of the flask with the brush, Use the brush to clean the inside of the silver bottle, Move the white rod within the silver tumbler cup.
lang instructions of episode 28508: Take the brush out of the container on the left and put it in the container on the right., Move the make-up brush from the plastic container to the plastic bag, Move the brush to the storage crate on the right
lang instructions of episode 28614: Put the lint roller in the basket, Put the comb brush in the laundry basket, Pick up the lint roller and put it in the basket
lang instructions of episode 28876: Move the right end of the blanket to the left, then move the lint roller to the left, Pull the bottom right side of the duvet to the left, pick up the lint roller from the bed sheet and put it on the duvet, Uncover the bed on the bottom corner of the bed and Pick up the rolling brush that is on the white bed sheet and put it on the folded blanket
lang instructions of episode 29069: Put the hair brush in the bag, Take the hair brush and put it in the bag, Put the hair brush in the bag
lang instructions of episode 29193: Put the brush on top of the microwave., Put the brush on the microwave, Put the brush on top of the microwave.
lang instructions of episode 29232: Use the brush to sweep the candy on the table to the right, Sweep the sweets to the right, Sweep the sweets to the right
lang instructions of episode 29876: Move the hand brush and open the microwave, Move the brush to the right, then open the door of the microwave, open the microwave door
lang instructions of episode 29911: Pick up the rod and stir in the silver cup., Use the brush to clean the inside of the bottle, Stir in the tumbler using the white rod.
lang instructions of episode 30184: Use the green brush to sweep the top of the machine on the left., Get the brush and sweep the top of the washing machine, Clean the top of the washing machine with the brush
lang instructions of episode 30205: Move the white and green brush to the right, Put the thing on the orange packet, Pick up the white brush and put it on the orange packet
lang instructions of episode 30577: Use the white brush to sweep the objects on the table, Use the broom to sweep the white pieces on the table, Sweep the pieces of paper to the right
lang instructions of episode 30781: Put the toothbrush inside the silver cup, Put the toothbrush in the toothbrush cup, Pick the toothbrush and put it in the cup
lang instructions of episode 31599: Pick up the small brush from the table and put it in the mug cup., Put the marker inside the mug, Pick up the marker from the table and put it in the cup
lang instructions of episode 31730: Move the brush inside the flask up and down, Use the object to stir the jug, Scrub the inside of the flask with the brush
lang instructions of episode 32113: Remove the white brush from the pot and put it in the pan, Remove the white brush from the pot and put it on the glass lid in the pan, Move the brush from the pot to the pan
lang instructions of episode 32497: Pick up the salt shaker then put it back inside the bowl, Use the white brush to brush the upper cabinet then put it on the white plate., Use the white brush to brush the upper cabinet then put it on the white plate.
lang instructions of episode 33352: Put the white brush in the black cup, Put the white brush in the black cup, Put the brush in the mug
lang instructions of episode 33376: Remove the orange marker from the grey bowl, Take the pen out of the bowl and place it on the table, Remove the brush from the white bowl
lang instructions of episode 33438: Pick up the toothbrush and put it in the toothbrush holder, Put the toothbrush inside the silver cup, Put the toothbrush in the silver cup
lang instructions of episode 33827: Move the brush inside the silver flask up and down, Use the brush to scrub inside the thermos, Move the bottle brush up and down repeatedly in the thermos flask
lang instructions of episode 33830: Use the object to stir the contents in the jug, Move the brush inside the flask up and down, Use the white rod to stir the content in the silver cup.
lang instructions of episode 34149: Pick up the lint roller and put it in the basket, Pick up the rolling brush and put it in the basket, Put the brush in the laundry basket
lang instructions of episode 34434: Use the hand broom to brush the white substance onto the dustpan, Use the hand broom to brush the white substance onto the dustpan, Brush the contents to the left
lang instructions of episode 35132: Pick up the brush on the table and place it inside the black cup on top of the microwave, Put the white brush inside the black mug on the microwave, Put the brush inside the black mug.
lang instructions of episode 35206: Pick up the brush and sweep the small blue and orange things off of the table, Use the brush to clean the table, Use the brush to scrub the table.
lang instructions of episode 35372: Move the brush to the front of the counter, Move the brush forward, Place the brush in front of the shoe rack
lang instructions of episode 35811: Move the blue object closer to the sink, Move the blue object to the left, Move the floss closer to the toothbrush
lang instructions of episode 35919: Put the toothbrush on the countertop, Remove the toothbrush from the metal cup and put it on the right side of the sink cabinet, Remove the blue toothbrush from the cup and place it on the right side of the counter
lang instructions of episode 36076: Transfer the small brush to the bowl, Remove the cleaning brush from the table mat and put it in the wooden bowl, Put the brush in the bowl
lang instructions of episode 36211: Stir the contents in the silver flask., Move the brush inside the flask up and down, Take the brush and clean the flask
lang instructions of episode 36245: Move the silver cup to the right, Move the silver toothbrush holder to the right, Move the silver cup to  the right
lang instructions of episode 36431: Scrub the inside of the flask with the brush, Move the bottle brush up and down repeatedly in the thermos flask, Move the white object up and down in the silver jar
lang instructions of episode 36966: Remove the toothbrush from the holder then put it back., Pick up the toothbrush from the cup and place it on the right. Then, put it back in the cup., Remove the toothbrush from the cup, then put the toothbrush in the cup
lang instructions of episode 36974: Use the brush to sweep the candy to the left side of the table, Use the small broom to sweep the sweets slightly to the left, Sweep the sweets to the left
lang instructions of episode 37058: Move the brush inside the silver flask up and down, Use the brush to clean the inside of the silver bottle, Move the brush inside the flask up and down
lang instructions of episode 37117: Move the brush inside the silver flask up and down, Use the brush to scrub inside the jar, Move the bottle brush up and down repeatedly in the thermos flask
lang instructions of episode 37374: Use the brush to sweep the white objects to the right side of the table, Pick up the brush and clean the table, Use the brush to sweep the white contents to the right
lang instructions of episode 37377: Move the shaving stick to the right side of the counter, Get the shaving brush and put it on the right end of the surface, Take the shaving stick from the gray basket and place it on the counter top
lang instructions of episode 37416: Remove the brush off the dustpan, Remove the brush from the dustpan and place it on the washing machine top next to the dustpan, Move the blue and white brush backwards
lang instructions of episode 37439: Use the brush to wipe the table, Use the brush to wipe the top of the cabinet., Clean the desk
lang instructions of episode 37705: Take the marker out of the white cup and place on the table, Remove the orange marker from the white mug and put it on the table, Take the brush out of the mug and place it on the table
lang instructions of episode 37948: Remove the spoon from the drawer, Pick up the pink and white toothbrush from the open drawer and put it on the kitchen counter, Move the spoon from the drawer to the countertop
lang instructions of episode 38176: Pick up the lint roller and put it on the top white shelf of the white rack, Remove the lint roller from the basket and put it on the top rack, Remove the rolling brush from the basket and put it on the top wire mesh rack of the shoe rack
lang instructions of episode 39051: Correctly position the brush that is on the table, Put the white brush in an upright position, Set the scrubbing brush to the right
lang instructions of episode 39502: Pick up the teeth brush and  put it in the silver cup, Put the toothbrush inside the silver cup, Put the toothbrush in the cup
lang instructions of episode 39641: Hang the cleaning brush on the wire, Hang the cleaning brush in the wire, Pick up the blue brush and hang it on the left holding hook of the wall tools holder
lang instructions of episode 40517: Put some water on the toothbrush then put it in the silver cup, Pick the blue toothbrush on the right and put it under the running water then place it in the silver cup, Wet the toothbrush with some running water then put it in the toothbrush cup
lang instructions of episode 40534: Use the object to clean the flask, Move the brush inside the flask up and down, Move the bottle brush up and down repeatedly in the thermos flask
lang instructions of episode 40602: Move the brush inside the flask up and down, Use the brush to clean the inside of the flask, Stir inside the metal flask
lang instructions of episode 40762: Use the brush to brush the lamp., Use the brush to wipe the lamp, Use the brush to clean the lamp.
lang instructions of episode 41012: Remove the small plastic bag and blue can in the container on the right, Remove two objects from the left storage box to the right storage box, Put the white brush in the plastic and the black bottle in the container on the right.
lang instructions of episode 41038: Put the hair brush in the bag, Put the hair brush into the bag, Pick up the object from the table and put it in the carrier bag
lang instructions of episode 41169: Put the brush upright, Put the brush upright, Turn the cleaning brush
lang instructions of episode 41348: Move the bottle brush up and down repeatedly in the thermos flask, Use the bottle cleaner to clean the flask on the table, Move the brush inside the flask up and down
lang instructions of episode 41360: Take the toothbrush out of the mug and place it on the counter, Remove the electric toothbrush from the mug and put it on the sink counter, Remove the electric toothbrush from the mug cup
lang instructions of episode 41703: Scrub the jar with the brush, Move the bottle brush up and down in the flask, Scrub the jar using the brush
lang instructions of episode 41805: Remove the toothbrush from the silver cup and place it on the left side of the counter, place the toothpaste inside the silver cup, Remove the toothbrush from the holder and put it on the left, then pick up the toothpaste tube and put it in the holder, Take the toothbrush out of the silver cup and place it on the left side of the counter, put the toothpaste in the silver cup
lang instructions of episode 41832: Pick up the blue brush and use it to brush the second rail of the rack and then place it to the right side of the shoe rack when done brushing, Use the cleaning brush to brush the second rail, Use the brush to clean the black object
lang instructions of episode 42472: Clean the inside of the flask, Scrub the inside of the flask with the brush, Use the brush to clean the inside of the silver bottle
lang instructions of episode 42481: Remove the toothpaste and toothbrush from the cup and place them on the counter, Put the toothpaste and the toothbrush on the countertop, Take the toothpaste then the toothbrush from the cup and put them on the countertop
lang instructions of episode 42699: Pick up the orange and white box on the bathroom counter and put it next to the left tap on the bathroom counter, Move the orange and white object on the sink next to the tap, Bring the toothbrush holder closer to the faucet
lang instructions of episode 43253: Get the toothbrush on top of the small blue object and place it in the silver cup, Put the toothbrush in the silver cup, Pick the toothbrush and place it in the toothbrush holder
lang instructions of episode 43321: Use the brush to scrub the inside of the microwave., Use the white brush to scrub the inside of the microwave, Use the brush to wipe the inside of the microwave
lang instructions of episode 43681: Put the lint roller on the top shelf of the rack, Pick up the rolling brush and put it on top of the wire mesh rack of the shoe rack, Lift the brush and put it on the white stand
lang instructions of episode 43698: Move the toothbrush cup to the right, take out the toothbrush and put it on the counter, Move the silver cup to the right, take the toothbrush out of the cup, Move the metal cup to the right side of the faucet and then remove the toothbrush from the cup and put it on the countertop
lang instructions of episode 44364: Scrub inside the flask with the brush, Move the brush inside the flask up and down, Scrub inside the flask with the brush
lang instructions of episode 44507: Use the brush to scrub the flask, Clean the flask, Move the brush inside the flask up and down
lang instructions of episode 44522: Place the white brush upright., Put the white brush upright., Put the brush upright
lang instructions of episode 44665: Pick up the blue brush and put it in the blue mug, Move the toy brush from the toy sink to the blue cup, Remove the blue brush from the sink and put it in the blue cup on the blue plate
lang instructions of episode 45107: Use the brush to scrub the flask, Clean the bottle with the brush, Use the white object to stir the contents in the flusk
lang instructions of episode 45147: Place the blue and white pump bottle on the right side of the faucet, place the green and white pump bottle on the left side of the faucet, put the toothbrush in the silver cup, place the toothpaste next to the silver cup, Arrange the soap bottles, the toothbrush and the shaver then close the tap, Put the bottles on the right side of the counter near the faucet, put the toothbrush in the cup, place the toothpaste next to the cup, move the small tube on the bottom right side of the counter forward then push the faucet handle down
lang instructions of episode 45157: Use the white brush to push the brown objects close to the wall towards the pile of brown objects in the front, Use the brush to push the small objects on the table slightly towards the edge, Use the brush to scrub the table
lang instructions of episode 45344: Pick up the white and green brush and put it the right way up on the washing machine, Turn the cleaning brush, Put the brush upside down
lang instructions of episode 45690: Place the toothbrush in the cup then put it back on the counter, Put the toothbrush in the metal cup and then put it back on the right side of the sink counter, Pick up the toothbrush from the right side of the counter and place it in the silver cup, remove the toothbrush from the cup and put it back on the right side of the counter
lang instructions of episode 45711: Move the brush inside the flask up and down, remove the brush from the flask, Use the brush to scrub the jar then place the brush on the table, Scrub the inside of the silver cup and put the scrubbing brush on the table
lang instructions of episode 45762: Put the brush in the brown bowl, Put the brush in the wooden bowl., Pick up the brush and put it in the bowl
lang instructions of episode 46336: Move the pan forward and use the brush in the middle of the plates to brush the inside of the pan, Move the pan forward and use the brush to brush the inside surface of the pan, Move the pan on the stove. then pick up the brush and clean the pan
lang instructions of episode 46493: Put the marker in the bowl, Put the marker in the bowl, Pick up the small, black brush and put it in the bowl
lang instructions of episode 46543: Pick up the brush and clean part of the kitchen unit base top, Use the white brush on the left to scrub the right side of the counter., Pick up the brush and clean the base top near the coffee maker
lang instructions of episode 46628: Pick up the small brush from the cup and put it on the table., Pick up the marker from the cup and put it on the table, Remove the marker from the cup
lang instructions of episode 47248: Use the brush to clean the inside of the silver bottle, Use the object to clean the silver flask, Use the brush to clean the inside of the silver bottle
lang instructions of episode 47333: Pick up the brush in the sink and slightly move it to the right., Move the white brush to the right side of the sink., Move the brush slightly to the center of the sink
lang instructions of episode 47842: Move the brush inside the flask up and down, Move the brush in the silver flask up and down, Use the brush to scrub the silver jar
lang instructions of episode 47914: Open the faucet, place the toothbrush underneath the running faucet then set it down on the right side of the counter, pick up the shaving stick and place it under the running water then set it down on the left side of the counter, close the faucet, Open the tap faucet then close the tap faucet, Open the faucet, place the toothbrush under the running faucet then set it on the right side of the countertop, pick up the shaving stick and put it under the running faucet then set it down on the left side of the countertop, close the faucet
lang instructions of episode 48110: Move the brush inside the silver flask up and down, Use the brush to clean the inside of the silver bottle, Scrub the inside of the flask with the brush
lang instructions of episode 48301: Use the bottle brush to clean inside the flask, Move the brush inside the silver flask up and down, Move the white object in the silver cup up and down multiple times
lang instructions of episode 48323: Use the brush to scrub inside the jar, Stir the contents in the silver flask, Use the brush to clean the bottle
lang instructions of episode 48342: Pick up the lint roller and use it on the orange fabric, Use the white object to brush the brown object on the table, Use the lint roller on the orange clothing
lang instructions of episode 48361: Pick up the tooth brush wet it and put it back in the holder then close the tap, Take the toothbrush out of the silver cup and place it under the running faucet, place the toothbrush in the silver cup then close the faucet, Wet the toothbrush and close the tap
lang instructions of episode 48518: Use the brush to clean the inside of the silver bottle, Clean the flask, Scrub the inside of the flask with the brush
lang instructions of episode 48816: Move the brush inside the flask up and down, Move the brush inside the silver flask up and down, Use the white rod to stir the content of the silver cup.
lang instructions of episode 48917: Move the white object in the silver jar up and down in the jar, Move the brush inside the flask upwards and downwards, Use the white rod and the stir the contents of the silver cup.
lang instructions of episode 49190: Remove the tool from the utensil holder and put a tool in another one, Put the brush on the table, next to the utensils and then put the ladle in the cup, Take the brush out of the holder then put the black ladle inside the holder.
lang instructions of episode 49287: Put the brush upright, Move the white brush to the left, Move the brush to the left
lang instructions of episode 49604: Put the brush on the tape, Put the brush on the tape, Put the white brush on top of the black masking tape
lang instructions of episode 49972: Pick up the white thing to stir inside the kettle, Use the white brush to wipe the inside of the silver kettle., Use the white object to stir the contents inside of the kettle
lang instructions of episode 50536: Open the tap, Turn the faucet upwards, First open the tap, then put the toothbrush under the running water and put the toothbrush in the silver cup
lang instructions of episode 50904: Place the toothbrush and the clear bottle on the right side of the counter, Remove the blue toothbrush from the silver cup and put it on the right side of the counter, move the clear bottle from the left to the right side of the counter, Take the toothbrush out of the cup, put it on the counter then move the clear bottle to the right
lang instructions of episode 51456: Move the green knife on the shelf to the right., Move the green item on the shelf, Move the toothbrush to the right
lang instructions of episode 51571: Clean inside the thermos flask using the bottle brush, Scrub the inside of the flask with a brush, Use the brush to scrub the inside of the flask
lang instructions of episode 52204: Take the object and scrub the inside of the jug, Scrub the inside of the flask with the brush, Put the brush inside the silver flask, move the brush up and down
lang instructions of episode 53010: Put the blue toothbrush in the silver cup, remove the toothbrush from the cup and put it on the right side of the counter, Put the toothbrush into the cup near the tap then put it back on the countertop, Remove the blue toothbrush from the right side of the counter and place it inside the silver cup, remove the toothbrush from the silver cup and put it on the right side of the countertop
lang instructions of episode 53044: Put the toothbrush inside the dark blue toiletry bag, pick up the white object from the table and put it inside the white and blue bag, Put the pen in the purse and then put the white thing in the tote bag, Put the pen in the purse, move it backwards then pick the white object on the table and put it in the bag
lang instructions of episode 53128: Put the toothbrush under the running water, then put the toothbrush in the metal cup, and close the tap, Pick up the toothbrush and put it in the cup, then turn the faucet downwards, Put the toothbrush under the water then put it in the silver cup
lang instructions of episode 53421: Use the brush to clean the inside of the flask, Scrub the inside of the flask using the brush, Move the bottle brush up and down repeatedly in the thermos flask
lang instructions of episode 54140: Remove the brush from the container on the right and put it in the container on the left, Move the doll from the right storage box to the left storage box, Move the brush with a black handle to the storage container on the left.
lang instructions of episode 54736: Remove the brush from the bowl, Take the brush out of the wooden bowl, Remove the brush from the bowl
lang instructions of episode 54784: Take the object and scrub the inside of the jug, Put the blue sponge inside the flask then stir the flusk, Use the brush to clean the inside of the bottle
lang instructions of episode 54845: Remove the blue toothbrush from the silver cup and place it on the left side of the counter, Put the toothbrush on the countertop, Put the toothbrush on the sink counter
lang instructions of episode 54939: Use the white brush to scrub the countertop,, Use the brush to scrub the countertop., Using the brush, sweep the middle part of the counter
lang instructions of episode 55241: Stir the contents in the flusk., Take the brush and clean the flask, Use the brush to scrub the flask
lang instructions of episode 55353: Remove the object from the mug and put it on the table., Remove the pen from the cup and put it on the table, Move the brush from the cup to the table
lang instructions of episode 56282: Take an item out of the plastic bag and put it on the bed, Take a pen out of the plastic bag, Remove the blue toothbrush from the plastic bag and put it on the bed.
lang instructions of episode 56561: Scrub inside the flask with the brush, Use the brush to clean the inside of the bottle, Brush the inside of the flask
lang instructions of episode 56835: Remove the white and green brush from the wall tools hanger and put it on board on the counter top, Put the brush on the wooden board, Remove the white and green brush from the tool wall hanger and put it on the board that is on top of the workshop tools worktop
lang instructions of episode 57114: Pick up the broom and sweep the substance on the table, Use the brush and sweep the objects on the table, Sweep the things on the table forward
lang instructions of episode 57816: Move the broom to the right, Move the brush to the right of the table, Pick up the small brush and move it to the right.
lang instructions of episode 58114: Sweep the litter on the table slightly to the edge, Use the brush to sweep the white objects on the table to the left, Sweep the pieces of paper to the left
lang instructions of episode 58439: Move the toothbrush from left to right then put the lid on the mouthwash, Move the toothbrush to the right, Move the toothbrush to the right
lang instructions of episode 58531: Take the brush out of the mug and put it on the table, Take the marker from the cup and put it on the table, Pick up the pen from the cup and place it in the table.
lang instructions of episode 58901: Take the tube near the toothbrush and put it in the silver cup, Pick up the toothpaste tube and put it silver cup on the left., Put the tube inside the silver cup
lang instructions of episode 58967: Move the brush inside the flask up and down, Use the brush to scrub inside the jar, Use the bottle brush to clean the thermos flask
lang instructions of episode 59053: Move the brush to the left, Place the brush upright on the table, Pick up the brush from the dustpan and put it in the middle of the table
lang instructions of episode 59109: Move the green bowl to the right, Move the bowl to the left of the spoon, Move the blue bowl to the right of the brush
lang instructions of episode 59354: Remove the object from the bowl and put it on the table, Remove the marker from the bowl and put it on the table, Remove the brush from the bowl and put it on the table
lang instructions of episode 60555: Pick up the white and blue brush on the right laundry machine and move it on the left laundry machine, Move the brush to the left washing machine, Pick up the blue and white brush from the washing machine and put it on the drying machine
lang instructions of episode 60556: Pick the toothbrush on the counter and put it in the cup, Put the object in the silver container, Pick up the toothbrush and put it in the toothbrush holder
lang instructions of episode 60575: Clean the inside of the flask using the bottle brush, Clean the flask, Use the brush to clean the inside of the silver cup
lang instructions of episode 60607: Use the brush to scrub inside the thermos, Use the white bottle cleaner in the flask to clean it, Move the bottle brush up and down repeatedly in the thermos flask
lang instructions of episode 60799: Clean the flask using the white stick inside it, Clean the flask using the object in it, Move the bottle brush up and down repeatedly in the thermos flask
lang instructions of episode 60880: Pick up the purple lid and put it on the kitchen counter, pick up the toothbrushes from the lunch box and put them in the rectangular lunch box to the right, Open the lunchbox, then move the cutlery to the one on the right, Take the lid off of the lunch box then take the orange thing out
lang instructions of episode 60893: Clean the inside of the flask using the bottle brush, Clean the flask, Use the brush to clean the inside of the silver bottle
lang instructions of episode 61453: Put the sweets together using the sponge brush, Use the yellow candy to sweep the candy on the table, Pick up the sponge and wipe the candies toward the red bowl
lang instructions of episode 61461: Pick up the lint roller from the bed and put it on the top white rack, Put the lint roller on the top rack, Pick up the rolling brush from the bed and put it on top of the top wire mesh rack of the shoe rack
lang instructions of episode 61626: Pick up the white rod, move it within the silver cup and put the white rod on the table., Scrub the inside of the flask with the brush, Use the brush to clean the flask
lang instructions of episode 61702: Use the brush to clean the bottle, Use the brush to clean the flask, Move the brush inside the flask upwards and downwards.
lang instructions of episode 61782: Move the brush inside the flask upwards and downwards, Move the brush inside the flask up and down, Scrub the inside of the flask with the brush
lang instructions of episode 61952: Use the brush to scrub the right side of the counter., Use the brush to clean the surface, Use the brush to brush the right side of the table.
lang instructions of episode 62281: Pick up the lint roller and put it on the top white rack, Put the lint roller on the wire rack, Put the hair brush on the white stand upper shelf
lang instructions of episode 62283: Move the pink bowl closer to the brush, Move the bowl to the left, Move the bowl to the left.
lang instructions of episode 62709: Move the purple tube of tooth paste to the right, move the blue object to the right, move the white tube to the right, remove the toothbrush from the silver cup and place it on the right side of the counter, Transfer the tubes, bar soap, and toothbrush from the left to the right side of the sink, Move the two tubes of toothpaste, dental floss, and toothbrush from the left to the right side of the counter
lang instructions of episode 62750: Move the brush inside the flask up and down, Move the bottle brush up and down repeatedly in the thermos flask, Use the bottle brush in the flask to clean it
lang instructions of episode 63023: Use the green hand broom to sweep the top of the left washing machine, Use the small brush to sweep the top of the washing machine, Use the small broom to sweep the left side of the washing machine
lang instructions of episode 63787: Place the toothbrush inside the silver cup, Put the toothbrush in the silver cup, Pick the toothbrush and put it in the cup
lang instructions of episode 63896: Pick up the brush from the table and sweep the paper pieces., Sweep the contents on the table to the right, Pick up the brush and wipe Thrush towards the right
lang instructions of episode 64069: Use the brush to twist the mat on the table, Use the brush to clean the grey mat, Use the brush to turn the towel to the right
lang instructions of episode 64077: Put the brush in the pot, Put the brush in the pot, Put the brush in the pot
lang instructions of episode 64116: Use the brush to clean the silver bottle, Use the brush to clean the inside of the silver bottle, Clean the flask
lang instructions of episode 64151: Use the brush to move the white objects on the table to the left, Use the broom to sweep the pieces of paper to the left, Pick up the brush and sweep the white object
lang instructions of episode 64200: Remove the brush from the laundry basket and put it on the bed, Remove the brush from the laundry basket and put it on the bed, Pick up the lint roller from the basket and put it on the bed
lang instructions of episode 64491: Put the white brush on top of the microwave, Put the brush on top of the microwave, Pick up the stapler and put it on top of the microwave
lang instructions of episode 64569: Put the brush upright, Put the white and blue brush upright, Set the brush upright on the counter
lang instructions of episode 64587: Remove the white brush from the wooden bowl and put it on the table, Remove the brush from the brown bowl and put it on the table, Remove the white brush from the wooden bowl and put it on the table
lang instructions of episode 64667: Sweep the white objects to the right, Pick up the brush and sweep the white objects on the table, Use the broom to sweep the white objects closer to you
lang instructions of episode 64842: Stir the contents in the silver flask., Scrub the inside of the flask with the brush, Use the brush to clean the flask
lang instructions of episode 64875: Put the toothbrush into the green cup, Put the toothbrush inside the green mug, Put the pink toothbrush inside the green mug
lang instructions of episode 65202: Put the brush in the clear cup, Put the brush in the jar, Put  a utensil in the holder
lang instructions of episode 65248: Use the brush to sweep the candy, Use the brush to sweep the candy on the countertop to the right., Sweep the sweets to the right
lang instructions of episode 65353: Sweep the pieces of paper to the right, Sweep the things on the table to the right, Use the brush to sweep the contents on the table away from the cup
lang instructions of episode 65669: Use the brush to brush the blanket, Use the lint roller on the grey bed cover, Use the lint roller on the right corner of the bed
lang instructions of episode 65802: Move the bottle brush up and down repeatedly in the thermos flask, Use the brush to clean the inside of the silver bottle, Clean the bottle
lang instructions of episode 66121: Use the brush to sweep the white objects to the right side of the table, Use the brush to sweep the white objects to the right, Use the broom to sweep the white things on the table
lang instructions of episode 66512: Put the small black remote on the white chair, Put the small black remote on the white chair, Put the brush on the chair
lang instructions of episode 66715: Move the brush from the right to the left side of the sink, Move the white brush to the left side of the sink, Move the white brush to the left side of the sink
lang instructions of episode 67181: Put the orange and white spoon in the clear bowl under the coffeemaker chamber, Put the orange spoon in the bowl on the coffeemaker stand, Pick up the orange and white toothbrush and put it in the clear lunch box on the coffee machine
lang instructions of episode 67239: Clean inside the flask using the bottle brush, Use the brush to scrub inside the jar, Use the bottle brush to clean in the flask
lang instructions of episode 67476: Put the brush on the green lid, Put the brush over the green container, Put the brush on the container with the green lid
lang instructions of episode 67758: Put the marker in the cabinet, Pick up the brush and put it in the top cabinet, Put the marker inside the cupboard
lang instructions of episode 68029: Put the brush in the drawer, Put the kitchen utensil into the drawer, Pick up the baking brush and place it at the left rear compartment of the opened drawer
lang instructions of episode 68850: Open the tap,wet the toothbrush then close the tap, Open the tap, run the shaving stick under the tap, and then close the tap, Open the faucet, wet the toothbrush then close the faucet
lang instructions of episode 68851: Pick up the small brush from the mug cup and put it on the table. Pick up the mug cup and slightly move it to the right. Pick up the small brush from the table and put it in the mug cup., Take the marker out of the mug, move the maroon mug to the right, put the marker in the mug, Remove the marker from the mug
lang instructions of episode 68940: Pick up the brush and sweep the candy on the countertop., Use the brush to sweep the contents on the table, Pick up the brush and move the candies slightly to the right
lang instructions of episode 69657: Put the brush in the blue bowl, Place the brush in the blue bowl, Pick up the white brush from the table and put it in the blue bowl
lang instructions of episode 69695: Move the brush to the front right plate of the stove., Move the brush to the front right of the stove, Put the scrubbing brush on the front right of the stove
lang instructions of episode 69718: Put the orange spoon on the blue lid., Place the peach spoon on top of the coffee machine, Pick up the orange and white toothbrush and put it on the blue lid
lang instructions of episode 69953: Use the brush to clean the silver thermos, Move the brush inside the flask up and down, Use the white object to stir the contents in the flusk
lang instructions of episode 70136: Use the object to clean the flask, Use the object to stir the bottle, Use the brush to scrub the flask
lang instructions of episode 70215: Pick up the rolling brush and put it on the top wire mesh rack of the white shoe rack, Put the roller on the top of the shelf, Put the lint roller on top of the rack
lang instructions of episode 71011: Put the marker in the bowl, Put the marker in the bowl, Pick up the smaller brush and put it in the bowl
lang instructions of episode 71170: Move the toothbrush cup closer to the toothpaste, Move the toothbrush holder to the left, Move the cup to the left
lang instructions of episode 71937: Move the electric toothbrush forward, Move the electric toothbrush from the left edge of the counter to the left edge of the sink, Take the tooth brush off of the charging station and place it on the counter top
lang instructions of episode 72308: Move the bottle brush up and down repeatedly in the thermos flask, Move the bottle brush up and down repeatedly in the thermos flask, Use the brush to scrub the inside of the metal flask
lang instructions of episode 72583: Move the brush inside the flask up and down, Move the white rod inside the silver tumbler., Clean the bottle with the brush
lang instructions of episode 72854: Lift and lower the thing in the flask six times, Move the brush inside the flask up and down, Use the brush to scrub the jar
lang instructions of episode 72883: Put the toothbrush next to the toothpaste, Take the toothbrush from the cup and put it on the right side of the countertop, Take the toothbrush out of the cup
lang instructions of episode 72894: Use the brush to sweep the top of the washer, Wipe the dryer using the brush, Use the brush to sweep the top of the machine on the left.
lang instructions of episode 73425: Use the brush to sweep the small objects off of the table, Use the brush to sweep off the objects on the table, Use the brush on the table
lang instructions of episode 73565: Pick up the toothpaste tube and put it in the toothbrush holder, Pick up the paste tube and put it in the toothbrush holder, Move the toothpaste to the right
lang instructions of episode 73605: Open the faucet, take the toothbrush and put it on the table, pick it and put it back in the cup, then close the faucet, Open the faucet, take the toothbrush from the cup and put it on the counter, pick the toothpaste and put it in the cup, then close the faucet, Open the tap, remove the toothbrush from the metal cup, put the toothpaste in the cup, and then close the tap
lang instructions of episode 73617: Pick up the brush and put it upright, Make the brush stand straight, Place the scrubbing brush upright
lang instructions of episode 73739: Use the object to clean the bottle, Use the brush to scrub the flask, Use the white object to stir the flusk
lang instructions of episode 73792: Pick up the toothbrush from the countertop and put it in the silver cup., Pick up the toothbrush from the counter and put it in the cup, Put the toothbrush in the silver cup on the left
lang instructions of episode 73810: Move the brush from the right machine to the left one, Move the brush from the right machine to the left one, Put the brush on top of the dryer
lang instructions of episode 73854: Put the toothbrush and the tube on the countertop respectively, Remove the objects in the silver cup, Pick up the toothpaste and toothbrush from the cup and put them on the counter
lang instructions of episode 74097: Remove the kitchen brush from the drawer and put it on the yellow trivet, Remove the brush from the bottom left of the drawer and put it on the orange object on the counter, Remove the brush from the open drawer and place it on the orange coaster
lang instructions of episode 74264: Turn the hand broom over making it stand on its bristles, Turn the brush to the left, Place the brush upright.
lang instructions of episode 74963: Sweep the candy forward, Pick up the brush and sweep the candy, Use the white brush to sweep the candy
lang instructions of episode 75271: Shift one object to the crate on the right, Remove the brush in the box inside the container on the left and put it inside the container on the right, Move the brush to the container on the right.
lang instructions of episode 75452: Put the orange thing in the mug, Put the pen in the cup, Place the yellow brush inside the cup
lang instructions of episode 75852: Remove the scoop from the blue cup and put it on the counter, Put the blue brush on the table., Remove the brush from the cup
lang instructions of episode 76733: Put the white object inside the pan, Put the scrubbing brush on the pan, Put the white object inside the pan
lang instructions of episode 77570: Put the white hand broom on the dustpan, Put the brush on the dustpan, Put the white hand broom on the dustpan
lang instructions of episode 77700: Put the cleaning brush on the glove to the right, Put the brush on the black object, Put the brush on the glove then lift the latch
lang instructions of episode 77973: Use the small broom to sweep the objects on the dustpan, Use the brush to sweep the items on the left machine onto the dustpan., Use the brush to sweep the contents on the machine onto the dustpan.
lang instructions of episode 77994: Use the brush to scrub inside the jar, Move the brush inside the flask upwards and downwards, Use the object to stir the contents in the bottle
lang instructions of episode 78126: Use the brush to scrub the surface, Move the brush around on the table, Use the brush to scrub the table
lang instructions of episode 78233: Move the tissue using the scrubbing brush, Pick up the stapler and place it on the left side, Move the brush to the left
lang instructions of episode 78397: Use the brush to sweep the white objects to the right, Use the brush to sweep the dirt to the right, Use the brush to brush the surface of the table
lang instructions of episode 78593: Use the brush to brush the white clipboard., Use the brush to clean the white board, Use the small brush to wipe the white board
lang instructions of episode 78957: Pick the brush and sweep the candy on the counter, Pick up the brush and push the sweets with the brush, Pick up the brush from the table, sweep the candy to the right and put the blush back on the table.
lang instructions of episode 78979: Stir the contents in the flusk., Use the brush to clean the inside of the bottle, Move the white rod in the tumbler cup.
lang instructions of episode 78981: Put the brush on top of the microwave., Lift the cleaning brush from the table and put it on top of the microwave, Put the brush on top of the microwave
lang instructions of episode 79285: Pick the brush and sweep the candy on the counter, Sweep the sweets to the right, Use the broom to sweep the sweets to the right
lang instructions of episode 79573: Move the brush inside the silver flask up and down, Use the brush to scrub inside the flask, Take white object in silver cup and move it up and down five times
lang instructions of episode 79994: Move the silver toothbrush holder from right to left., Move the tooth brush holder to the left, Pick up the silver cup from the countertop and move it to the left.
lang instructions of episode 80433: Take the brush out of the mug and put it on the chair, Take the orange marker out of the white mug, Take the white and orange pen from the mug and put it on the chair
lang instructions of episode 80502: Use the brush to scrub the inside, Stir the contents in the silver flask, Clean the flask
lang instructions of episode 80532: Use the brush to wipe the microwave, Use the brush to wipe the top of the microwave., Clean the microwave with the brush
lang instructions of episode 81619: Put the toothbrush in the silver cup, Put the toothbrush on the sink in the grey container, Put the toothbrush in the silver cup
lang instructions of episode 81826: Remove the toothbrush from the silver cup, Take the toothbrush from the cup and put it on the counter, Remove the blue toothbrush from the silver cup
lang instructions of episode 81949: Remove the tube out of the silver cup then put the toothbrush under running water and put the toothbrush in the cup, then close the tap, Remove the tube from the silver cup, then wet the bristles of the toothbrush and put it in the silver cup, then close the tap, Remove the paste from the silver cup,wet toothbrush and close the tap
lang instructions of episode 82130: Remove the toothbrush from the silver cup on the left side of the sink, place the toothbrush on the right side of the sink, Remove the toothbrush from the silver cup on the left and place it on the right side of the counter, Put the toothbrush on the right side of the sink
lang instructions of episode 82395: Sweep the white objects to the left, Swee the pieces of paper to the left, Use the white brush on the table to sweep the objects on the table
lang instructions of episode 82411: Move the brush forward, Remove the brush from the black cup, Move the brush forward
lang instructions of episode 82674: Remove the brush from on top of the microwave and put it on the table, Put the brush on the table, Remove the brush from the top of the microwave
lang instructions of episode 82808: Pick up the broom and sweep some of the candy to the right, Use the brush to push the sweets to the right, Slightly brush the objects on the table
lang instructions of episode 82898: Remove the cleaning brush from the table and put it in the wooden bowl, Put the brush in the brown bowl, Put the brush in the brown bowl
lang instructions of episode 82937: Use the blue brush to sweep the top shelf of the black rack, Use the hand broom to brush the top railing of the black rack, Use the brush to clean the top shelf
lang instructions of episode 83725: Put the marker in the bowl, Move the brush to the top-left of the table, Put the orange marker inside the grey bowl
lang instructions of episode 84022: Open the tap, wet the toothbrush, put it back and close the tap, Open the tap faucet., Open the tap then remove the toothbrush from the silver cup and put it on the running tap, then close the tap, then put the cup upright and put the toothbrush in the cup
lang instructions of episode 84238: Stir the contents in the silver cup., Use the white object in the flask to clean the flask, Use the brush to scrub inside the flask
lang instructions of episode 84492: Stir the contents in the flusk., Move the brush inside the flask up and down., Clean the flask
lang instructions of episode 84958: Remove the packet from the silver cup and place it at the front of the table, Put the toothbrush on the table, Remove the packet from the silver cup and put it on the table
lang instructions of episode 85113: Wet the toothbrush under the tap then place it back on the counter, Put the toothbrush under the tap and put it back on the countertop, Pick up the toothbrush from the counter and place it under the running water, return the toothbrush to the counter
lang instructions of episode 85614: Use the brush to scrub inside the flask, Use the brush to scrub the inside of the flask, Use the white object in the silver flask to clean the inside of the flask
lang instructions of episode 86132: Use the brush to sweep the contents on the table, Sweep the pieces of paper to the right, Use the broom to sweep the white things on the table
lang instructions of episode 86181: Use the object to scrub the inside of the bottle, Use the brush to clean the inside of the silver bottle, Scrub the inside of the flask with the brush
lang instructions of episode 86412: Grab the white rod and move it around in the silver cup., Scrub the inside of the jug, Move the brush inside the flask upwards and downwards
lang instructions of episode 86578: Use the brush to sweep the counter, Use the brush to scrub the table, Clean the countertop
lang instructions of episode 87167: Clean the bottle by moving the brush up and down., Use the brush to clean the inside of the bottle, Move the brush in the flask up and down continuously
lang instructions of episode 87344: Move the cup to the left side of the brush, Move the white coffee cup to the left, Move the white cup away from the toaster
lang instructions of episode 87901: Use the brush to sweep the candy to the left side of the table, Sweep the sweets towards the left edge of the table, Sweep the sweets to the left side of the table
lang instructions of episode 87916: Pick up small brush from the table and put it on the mug cup., Put the marker in the cup, Put the marker in the mug cup
lang instructions of episode 88596: Scrub the inside of the flask, Use the brush to clean the inside of the silver bottle, Move the brush inside the flask up and down
lang instructions of episode 89161: Remove the object from the white bowl and put it on the table, Put the object in the bowl on the table, Remove the brush from the bowl
lang instructions of episode 89178: Make the white brush stand on its bristles, move the object, Move the cleaning brush from the serviette and put it upright on the table
lang instructions of episode 89561: Use the rod to stir in the silver cup., Use the white object to stir the flusk, Take the brush and clean the flask
lang instructions of episode 89566: Place the toothbrush in the silver cup, Pick up the toothbrush from the countertop and put it in the silver cup., Put the toothbrush in the silver cup
lang instructions of episode 89658: Pull and push the object in the bottle over and over again, Stir the contents in the silver flask, Use the brush to clean the inside of the bottle
lang instructions of episode 90610: Put the toothbrush on the charging station, Take the electric toothbrush and put it on the charger, Put the electric toothbrush on the charger
lang instructions of episode 90636: Pick up the white brush and put it in the wooden bowl, move the brush to the bowl from the counter, Lift the cleaning brush from the table and put it in the wooden bowl
lang instructions of episode 90941: Move the brush inside the flask up and down, Scrub the jar with the brush, Use the brush to scrub the inside of the flask
lang instructions of episode 91057: Take the brush on the plate and put it in the orange cup, Put the white object inside the orange cup, Put the utensil in the orange cup
lang instructions of episode 91254: Move the brush to the left, Move the broom to the left, Move the brush to the left
lang instructions of episode 91729: Put the toothbrush in the cup, Pick up the blue toothbrush from the right side of the counter and put it inside the silver cup on the left, Pick the toothbrush on the counter and put it in the cup
lang instructions of episode 91782: Close the tap and then remove the shaving stick from the metal cup and put it on the right side of the sink counter, Close the tap faucet then move the toothbrush from left to right., Turn the faucet downwards, then pick up the shaving stick from the cup and put it on the counter
lang instructions of episode 92357: Put the blue brush in the orange cup., Put the spoon in the orange cup in the sink, Put the blue brush inside the orange cup in the sink
lang instructions of episode 92956: Move the brush to the left., Move the white brush to the left., Move the brush to the left
lang instructions of episode 93200: Sweep the white things on the table to the left, Use the brush to brush the white objects on the table, Pick up the brush from the table, sweep the objects on the table and put the brush back on the table.
lang instructions of episode 93650: Use the brush to clean the silver bottle, Move the brush inside the flask up and down, Hold the white rod and move it in the tumbler cup.
lang instructions of episode 94068: Put the brush in the white bowl, Put the salt shaker on top of the microwave and into the bowl, Put the brush in the white bowl
lang instructions of episode 94226: Move the brush from the machine to the shelf, Move the brush to the top compartment, Move the brush from the washing machine to the shelf
lang instructions of episode 94438: Turn the brush over, Place the brush upright., Put the brush on the bristles
lang instructions of episode 94475: Pick up the electric toothbrush and put it in the light green cup., Put the toothbrush inside the green cup., Put the electric toothbrush in the green mug cup
lang instructions of episode 94646: Use the brush to sweep the papers on the table, Use the broom to sweep the white objects, Use the broom to sweep the candy to the left
lang instructions of episode 94652: Remove the brush from the bowl, Remove the brush from the wooden bowl and put it on the grey mat on the left, Remove the brush from the bowl
lang instructions of episode 94697: Use the brush to sweep the dirt on top of the machine onto the dustpan., Use the blush to sweep the dirt onto the dustpan, Use the white hand broom to sweep the brown objects onto the dustpan
lang instructions of episode 94726: Stir the contents in the flusk., Stir the contents inside the flask, Move the brush in the flask up and down
lang instructions of episode 94823: Move the silver cup to the left, remove the toothpaste from the cup and place it on the left side of the counter then take out the toothbrush and place it on the left side of the counter, Move the cup to the left then place the toothpaste and the toothbrush on the left side of the counter, Move the silver cup towards you then take out the tube and toothbrush from the cup
lang instructions of episode 94877: Sweep the candy to the right, Sweep the sweets to the right, Use paint the brush to move sweets to the right
lang instructions of episode 94973: Move the brush inside the silver flask up and down, Use the brush to clean the inside of the flask, Clean the flask using the brush in it
lang instructions of episode 95047: Use the white hand broom to sweep the white detergent on the dustpan, Use the brush to sweep the top of the machine on the left., Use the hand broom to sweep the white substance on the washing machine onto the dustpan
lang instructions of episode 95317: Move the brush inside the flask up and down, Move the brush inside the silver flask up and down, Use the brush to scrub inside the flask

Does brush exist in droid in the first 95658 episodes? False
